<?xml version="1.0" encoding="UTF-8"?>
<coverage generated="1766803462472" clover="3.2.0">
  <project timestamp="1766803462472" name="All files">
    <metrics statements="394" coveredstatements="324" conditionals="181" coveredconditionals="126" methods="93" coveredmethods="86" elements="668" coveredelements="536" complexity="0" loc="394" ncloc="394" packages="1" files="5" classes="5"/>
    <file name="dataStructures.ts" path="D:\Updated-Test-Zare\src\lib\dataStructures.ts">
      <metrics statements="199" coveredstatements="148" conditionals="54" coveredconditionals="39" methods="36" coveredmethods="34"/>
      <line num="15" count="42" type="stmt"/>
      <line num="16" count="42" type="stmt"/>
      <line num="30" count="1" type="stmt"/>
      <line num="34" count="3" type="stmt"/>
      <line num="42" count="10" type="stmt"/>
      <line num="44" count="10" type="stmt"/>
      <line num="45" count="56" type="cond" truecount="2" falsecount="0"/>
      <line num="46" count="39" type="stmt"/>
      <line num="48" count="56" type="stmt"/>
      <line num="51" count="10" type="stmt"/>
      <line num="60" count="7" type="stmt"/>
      <line num="62" count="7" type="stmt"/>
      <line num="63" count="26" type="cond" truecount="2" falsecount="0"/>
      <line num="64" count="1" type="stmt"/>
      <line num="66" count="25" type="stmt"/>
      <line num="69" count="6" type="stmt"/>
      <line num="79" count="2" type="stmt"/>
      <line num="81" count="2" type="stmt"/>
      <line num="82" count="6" type="cond" truecount="1" falsecount="1"/>
      <line num="83" count="0" type="stmt"/>
      <line num="85" count="6" type="stmt"/>
      <line num="89" count="2" type="stmt"/>
      <line num="99" count="20" type="stmt"/>
      <line num="102" count="20" type="cond" truecount="2" falsecount="0"/>
      <line num="103" count="6" type="stmt"/>
      <line num="107" count="20" type="stmt"/>
      <line num="108" count="18" type="stmt"/>
      <line num="109" count="18" type="stmt"/>
      <line num="112" count="20" type="stmt"/>
      <line num="120" count="2" type="stmt"/>
      <line num="124" count="10" type="cond" truecount="2" falsecount="0"/>
      <line num="125" count="2" type="cond" truecount="1" falsecount="1"/>
      <line num="126" count="0" type="stmt"/>
      <line num="128" count="2" type="stmt"/>
      <line num="131" count="2" type="stmt"/>
      <line num="134" count="8" type="stmt"/>
      <line num="135" count="8" type="stmt"/>
      <line num="137" count="8" type="cond" truecount="1" falsecount="1"/>
      <line num="138" count="0" type="stmt"/>
      <line num="141" count="8" type="stmt"/>
      <line num="143" count="8" type="cond" truecount="2" falsecount="0"/>
      <line num="144" count="5" type="stmt"/>
      <line num="147" count="5" type="cond" truecount="2" falsecount="0"/>
      <line num="150" count="3" type="stmt"/>
      <line num="164" count="16" type="stmt"/>
      <line num="165" count="16" type="stmt"/>
      <line num="166" count="16" type="stmt"/>
      <line num="167" count="16" type="stmt"/>
      <line num="182" count="1" type="stmt"/>
      <line num="190" count="4" type="cond" truecount="1" falsecount="1"/>
      <line num="191" count="0" type="stmt"/>
      <line num="194" count="4" type="stmt"/>
      <line num="195" count="4" type="stmt"/>
      <line num="196" count="4" type="stmt"/>
      <line num="199" count="4" type="stmt"/>
      <line num="200" count="4" type="stmt"/>
      <line num="201" count="4" type="stmt"/>
      <line num="202" count="4" type="stmt"/>
      <line num="213" count="7" type="stmt"/>
      <line num="215" count="7" type="cond" truecount="2" falsecount="0"/>
      <line num="216" count="4" type="stmt"/>
      <line num="220" count="3" type="stmt"/>
      <line num="222" count="3" type="stmt"/>
      <line num="233" count="8" type="stmt"/>
      <line num="235" count="8" type="cond" truecount="1" falsecount="1"/>
      <line num="237" count="0" type="stmt"/>
      <line num="238" count="0" type="stmt"/>
      <line num="239" count="0" type="stmt"/>
      <line num="243" count="8" type="stmt"/>
      <line num="244" count="8" type="stmt"/>
      <line num="245" count="8" type="stmt"/>
      <line num="246" count="8" type="stmt"/>
      <line num="249" count="8" type="cond" truecount="2" falsecount="0"/>
      <line num="250" count="1" type="stmt"/>
      <line num="260" count="1" type="stmt"/>
      <line num="262" count="1" type="cond" truecount="1" falsecount="1"/>
      <line num="263" count="0" type="stmt"/>
      <line num="266" count="1" type="stmt"/>
      <line num="267" count="1" type="stmt"/>
      <line num="268" count="1" type="stmt"/>
      <line num="270" count="1" type="stmt"/>
      <line num="277" count="4" type="stmt"/>
      <line num="284" count="2" type="stmt"/>
      <line num="285" count="2" type="stmt"/>
      <line num="286" count="2" type="stmt"/>
      <line num="287" count="2" type="stmt"/>
      <line num="294" count="3" type="stmt"/>
      <line num="306" count="1" type="stmt"/>
      <line num="307" count="1" type="stmt"/>
      <line num="309" count="1" type="cond" truecount="2" falsecount="0"/>
      <line num="310" count="3" type="stmt"/>
      <line num="311" count="3" type="stmt"/>
      <line num="314" count="1" type="stmt"/>
      <line num="321" count="11" type="stmt"/>
      <line num="322" count="11" type="stmt"/>
      <line num="324" count="11" type="stmt"/>
      <line num="325" count="11" type="stmt"/>
      <line num="332" count="5" type="stmt"/>
      <line num="333" count="5" type="stmt"/>
      <line num="335" count="5" type="stmt"/>
      <line num="336" count="5" type="stmt"/>
      <line num="343" count="3" type="stmt"/>
      <line num="344" count="3" type="stmt"/>
      <line num="351" count="1" type="stmt"/>
      <line num="352" count="1" type="stmt"/>
      <line num="353" count="1" type="stmt"/>
      <line num="354" count="1" type="stmt"/>
      <line num="361" count="1" type="stmt"/>
      <line num="368" count="2" type="stmt"/>
      <line num="369" count="2" type="stmt"/>
      <line num="370" count="2" type="stmt"/>
      <line num="371" count="2" type="stmt"/>
      <line num="381" count="3" type="stmt"/>
      <line num="382" count="3" type="stmt"/>
      <line num="384" count="3" type="cond" truecount="2" falsecount="0"/>
      <line num="385" count="1" type="stmt"/>
      <line num="386" count="1" type="stmt"/>
      <line num="387" count="1" type="stmt"/>
      <line num="390" count="2" type="stmt"/>
      <line num="391" count="2" type="stmt"/>
      <line num="393" count="2" type="stmt"/>
      <line num="394" count="2" type="stmt"/>
      <line num="403" count="1" type="stmt"/>
      <line num="404" count="1" type="cond" truecount="3" falsecount="1"/>
      <line num="405" count="0" type="stmt"/>
      <line num="408" count="1" type="cond" truecount="1" falsecount="1"/>
      <line num="409" count="0" type="stmt"/>
      <line num="412" count="1" type="stmt"/>
      <line num="413" count="1" type="stmt"/>
      <line num="414" count="1" type="stmt"/>
      <line num="416" count="1" type="stmt"/>
      <line num="417" count="1" type="stmt"/>
      <line num="420" count="1" type="cond" truecount="1" falsecount="1"/>
      <line num="421" count="1" type="stmt"/>
      <line num="422" count="1" type="stmt"/>
      <line num="425" count="0" type="stmt"/>
      <line num="434" count="1" type="cond" truecount="2" falsecount="2"/>
      <line num="435" count="1" type="stmt"/>
      <line num="522" count="0" type="stmt"/>
      <line num="529" count="2" type="stmt"/>
      <line num="530" count="2" type="stmt"/>
      <line num="531" count="2" type="stmt"/>
      <line num="532" count="2" type="stmt"/>
      <line num="533" count="2" type="cond" truecount="2" falsecount="0"/>
      <line num="535" count="2" type="stmt"/>
      <line num="549" count="1" type="stmt"/>
      <line num="550" count="1" type="stmt"/>
      <line num="551" count="1" type="stmt"/>
      <line num="552" count="1" type="stmt"/>
      <line num="556" count="0" type="stmt"/>
      <line num="563" count="3" type="cond" truecount="1" falsecount="1"/>
      <line num="564" count="3" type="stmt"/>
      <line num="571" count="1" type="stmt"/>
      <line num="575" count="2" type="stmt"/>
      <line num="583" count="6" type="stmt"/>
      <line num="593" count="1" type="stmt"/>
      <line num="594" count="1" type="stmt"/>
      <line num="602" count="1" type="stmt"/>
      <line num="610" count="1" type="stmt"/>
      <line num="618" count="2" type="stmt"/>
      <line num="625" count="1" type="stmt"/>
      <line num="626" count="0" type="stmt"/>
      <line num="627" count="0" type="stmt"/>
      <line num="630" count="0" type="stmt"/>
      <line num="631" count="0" type="stmt"/>
      <line num="632" count="0" type="stmt"/>
      <line num="633" count="0" type="stmt"/>
      <line num="634" count="0" type="stmt"/>
      <line num="636" count="0" type="stmt"/>
      <line num="637" count="0" type="stmt"/>
      <line num="638" count="0" type="stmt"/>
      <line num="640" count="0" type="stmt"/>
      <line num="643" count="0" type="stmt"/>
      <line num="647" count="0" type="stmt"/>
      <line num="648" count="0" type="stmt"/>
      <line num="649" count="0" type="stmt"/>
      <line num="651" count="0" type="stmt"/>
      <line num="652" count="0" type="stmt"/>
      <line num="654" count="0" type="stmt"/>
      <line num="655" count="0" type="stmt"/>
      <line num="656" count="0" type="stmt"/>
      <line num="657" count="0" type="stmt"/>
      <line num="659" count="0" type="stmt"/>
      <line num="661" count="0" type="stmt"/>
      <line num="662" count="0" type="stmt"/>
      <line num="663" count="0" type="stmt"/>
      <line num="664" count="0" type="stmt"/>
      <line num="665" count="0" type="stmt"/>
      <line num="667" count="0" type="stmt"/>
      <line num="668" count="0" type="stmt"/>
      <line num="670" count="0" type="stmt"/>
      <line num="671" count="0" type="stmt"/>
      <line num="672" count="0" type="stmt"/>
      <line num="682" count="0" type="stmt"/>
      <line num="683" count="0" type="stmt"/>
      <line num="684" count="0" type="stmt"/>
      <line num="686" count="0" type="stmt"/>
      <line num="687" count="0" type="stmt"/>
      <line num="690" count="0" type="stmt"/>
    </file>
    <file name="projectsHelpers.ts" path="D:\Updated-Test-Zare\src\lib\projectsHelpers.ts">
      <metrics statements="25" coveredstatements="21" conditionals="21" coveredconditionals="12" methods="7" coveredmethods="7"/>
      <line num="13" count="1" type="stmt"/>
      <line num="14" count="3" type="stmt"/>
      <line num="16" count="3" type="cond" truecount="1" falsecount="2"/>
      <line num="18" count="3" type="stmt"/>
      <line num="19" count="3" type="stmt"/>
      <line num="21" count="0" type="stmt"/>
      <line num="22" count="0" type="stmt"/>
      <line num="24" count="0" type="stmt"/>
      <line num="25" count="0" type="stmt"/>
      <line num="28" count="3" type="cond" truecount="1" falsecount="1"/>
      <line num="29" count="3" type="stmt"/>
      <line num="30" count="3" type="stmt"/>
      <line num="33" count="3" type="stmt"/>
      <line num="39" count="1" type="stmt"/>
      <line num="40" count="2" type="stmt"/>
      <line num="41" count="2" type="stmt"/>
      <line num="43" count="2" type="cond" truecount="1" falsecount="1"/>
      <line num="44" count="2" type="cond" truecount="1" falsecount="1"/>
      <line num="46" count="2" type="stmt"/>
      <line num="55" count="1" type="stmt"/>
      <line num="56" count="1" type="stmt"/>
      <line num="57" count="1" type="cond" truecount="4" falsecount="2"/>
      <line num="60" count="1" type="stmt"/>
      <line num="61" count="1" type="stmt"/>
      <line num="62" count="1" type="cond" truecount="4" falsecount="2"/>
    </file>
    <file name="search.ts" path="D:\Updated-Test-Zare\src\lib\search.ts">
      <metrics statements="67" coveredstatements="61" conditionals="55" coveredconditionals="41" methods="14" coveredmethods="14"/>
      <line num="47" count="16" type="cond" truecount="1" falsecount="1"/>
      <line num="50" count="16" type="cond" truecount="1" falsecount="1"/>
      <line num="51" count="16" type="cond" truecount="1" falsecount="1"/>
      <line num="54" count="16" type="stmt"/>
      <line num="56" count="177" type="stmt"/>
      <line num="57" count="16" type="stmt"/>
      <line num="59" count="16" type="stmt"/>
      <line num="60" count="112" type="stmt"/>
      <line num="62" count="112" type="stmt"/>
      <line num="63" count="1256" type="cond" truecount="2" falsecount="0"/>
      <line num="64" count="1256" type="stmt"/>
      <line num="72" count="112" type="stmt"/>
      <line num="75" count="16" type="stmt"/>
      <line num="87" count="1" type="stmt"/>
      <line num="88" count="54" type="cond" truecount="2" falsecount="0"/>
      <line num="89" count="52" type="stmt"/>
      <line num="101" count="31" type="cond" truecount="2" falsecount="0"/>
      <line num="104" count="25" type="cond" truecount="2" falsecount="0"/>
      <line num="107" count="21" type="cond" truecount="2" falsecount="0"/>
      <line num="110" count="16" type="cond" truecount="2" falsecount="0"/>
      <line num="112" count="13" type="stmt"/>
      <line num="123" count="1" type="stmt"/>
      <line num="129" count="14" type="cond" truecount="4" falsecount="0"/>
      <line num="131" count="13" type="stmt"/>
      <line num="132" count="13" type="cond" truecount="2" falsecount="0"/>
      <line num="135" count="11" type="stmt"/>
      <line num="136" count="11" type="cond" truecount="4" falsecount="0"/>
      <line num="137" count="1" type="stmt"/>
      <line num="139" count="2" type="cond" truecount="2" falsecount="0"/>
      <line num="143" count="11" type="stmt"/>
      <line num="146" count="11" type="stmt"/>
      <line num="147" count="26" type="stmt"/>
      <line num="152" count="26" type="stmt"/>
      <line num="153" count="31" type="stmt"/>
      <line num="154" count="31" type="cond" truecount="1" falsecount="1"/>
      <line num="156" count="31" type="stmt"/>
      <line num="159" count="31" type="cond" truecount="2" falsecount="0"/>
      <line num="160" count="18" type="stmt"/>
      <line num="161" count="18" type="stmt"/>
      <line num="162" count="18" type="stmt"/>
      <line num="166" count="31" type="cond" truecount="2" falsecount="0"/>
      <line num="170" count="26" type="cond" truecount="2" falsecount="0"/>
      <line num="171" count="18" type="stmt"/>
      <line num="181" count="11" type="stmt"/>
      <line num="182" count="8" type="cond" truecount="1" falsecount="1"/>
      <line num="185" count="0" type="cond" truecount="0" falsecount="2"/>
      <line num="186" count="0" type="cond" truecount="0" falsecount="2"/>
      <line num="187" count="0" type="cond" truecount="0" falsecount="2"/>
      <line num="188" count="0" type="stmt"/>
      <line num="191" count="0" type="stmt"/>
      <line num="203" count="1" type="stmt"/>
      <line num="208" count="3" type="stmt"/>
      <line num="218" count="1" type="stmt"/>
      <line num="219" count="1" type="stmt"/>
      <line num="220" count="1" type="stmt"/>
      <line num="230" count="1" type="stmt"/>
      <line num="234" count="1" type="stmt"/>
      <line num="235" count="1" type="stmt"/>
      <line num="247" count="1" type="stmt"/>
      <line num="253" count="1" type="stmt"/>
      <line num="256" count="1" type="stmt"/>
      <line num="257" count="1" type="cond" truecount="3" falsecount="1"/>
      <line num="258" count="1" type="stmt"/>
      <line num="259" count="3" type="stmt"/>
      <line num="265" count="1" type="cond" truecount="3" falsecount="1"/>
      <line num="266" count="1" type="stmt"/>
      <line num="269" count="0" type="stmt"/>
    </file>
    <file name="teamHelpers.ts" path="D:\Updated-Test-Zare\src\lib\teamHelpers.ts">
      <metrics statements="30" coveredstatements="29" conditionals="21" coveredconditionals="17" methods="12" coveredmethods="12"/>
      <line num="11" count="1" type="stmt"/>
      <line num="12" count="1" type="cond" truecount="3" falsecount="1"/>
      <line num="13" count="0" type="stmt"/>
      <line num="16" count="3" type="stmt"/>
      <line num="17" count="3" type="stmt"/>
      <line num="18" count="3" type="cond" truecount="1" falsecount="1"/>
      <line num="19" count="3" type="stmt"/>
      <line num="20" count="1" type="stmt"/>
      <line num="22" count="1" type="stmt"/>
      <line num="25" count="1" type="stmt"/>
      <line num="26" count="3" type="cond" truecount="1" falsecount="1"/>
      <line num="27" count="3" type="stmt"/>
      <line num="29" count="3" type="cond" truecount="2" falsecount="0"/>
      <line num="30" count="2" type="stmt"/>
      <line num="31" count="2" type="stmt"/>
      <line num="33" count="6" type="cond" truecount="3" falsecount="0"/>
      <line num="39" count="3" type="cond" truecount="2" falsecount="0"/>
      <line num="40" count="2" type="cond" truecount="2" falsecount="0"/>
      <line num="42" count="3" type="stmt"/>
      <line num="45" count="1" type="stmt"/>
      <line num="46" count="1" type="cond" truecount="1" falsecount="1"/>
      <line num="47" count="1" type="stmt"/>
      <line num="48" count="1" type="stmt"/>
      <line num="49" count="3" type="stmt"/>
      <line num="50" count="3" type="stmt"/>
      <line num="51" count="3" type="stmt"/>
      <line num="52" count="3" type="stmt"/>
      <line num="53" count="3" type="stmt"/>
      <line num="54" count="6" type="cond" truecount="2" falsecount="0"/>
      <line num="56" count="1" type="stmt"/>
    </file>
    <file name="workload.ts" path="D:\Updated-Test-Zare\src\lib\workload.ts">
      <metrics statements="73" coveredstatements="65" conditionals="30" coveredconditionals="17" methods="24" coveredmethods="19"/>
      <line num="31" count="1" type="stmt"/>
      <line num="32" count="2" type="stmt"/>
      <line num="38" count="2" type="stmt"/>
      <line num="39" count="6" type="stmt"/>
      <line num="41" count="2" type="stmt"/>
      <line num="42" count="6" type="cond" truecount="1" falsecount="1"/>
      <line num="43" count="6" type="cond" truecount="1" falsecount="1"/>
      <line num="44" count="6" type="stmt"/>
      <line num="45" count="6" type="cond" truecount="1" falsecount="1"/>
      <line num="46" count="6" type="stmt"/>
      <line num="47" count="6" type="stmt"/>
      <line num="52" count="2" type="stmt"/>
      <line num="53" count="2" type="stmt"/>
      <line num="54" count="12" type="stmt"/>
      <line num="55" count="6" type="cond" truecount="1" falsecount="1"/>
      <line num="56" count="6" type="stmt"/>
      <line num="57" count="6" type="cond" truecount="1" falsecount="1"/>
      <line num="58" count="6" type="cond" truecount="1" falsecount="1"/>
      <line num="60" count="6" type="stmt"/>
      <line num="70" count="2" type="stmt"/>
      <line num="74" count="1" type="stmt"/>
      <line num="75" count="1" type="cond" truecount="1" falsecount="1"/>
      <line num="76" count="3" type="stmt"/>
      <line num="77" count="3" type="stmt"/>
      <line num="78" count="1" type="stmt"/>
      <line num="82" count="1" type="stmt"/>
      <line num="87" count="1" type="stmt"/>
      <line num="88" count="3" type="stmt"/>
      <line num="89" count="3" type="cond" truecount="2" falsecount="0"/>
      <line num="91" count="1" type="stmt"/>
      <line num="92" count="0" type="stmt"/>
      <line num="93" count="0" type="stmt"/>
      <line num="94" count="0" type="stmt"/>
      <line num="95" count="0" type="cond" truecount="0" falsecount="2"/>
      <line num="96" count="0" type="stmt"/>
      <line num="97" count="0" type="cond" truecount="0" falsecount="2"/>
      <line num="98" count="0" type="stmt"/>
      <line num="109" count="1" type="stmt"/>
      <line num="113" count="1" type="stmt"/>
      <line num="114" count="1" type="stmt"/>
      <line num="115" count="3" type="stmt"/>
      <line num="116" count="2" type="stmt"/>
      <line num="118" count="1" type="stmt"/>
      <line num="119" count="1" type="stmt"/>
      <line num="120" count="3" type="stmt"/>
      <line num="121" count="3" type="stmt"/>
      <line num="122" count="3" type="stmt"/>
      <line num="123" count="3" type="cond" truecount="2" falsecount="0"/>
      <line num="124" count="3" type="stmt"/>
      <line num="127" count="1" type="stmt"/>
      <line num="128" count="2" type="stmt"/>
      <line num="129" count="2" type="stmt"/>
      <line num="130" count="2" type="stmt"/>
      <line num="131" count="2" type="stmt"/>
      <line num="132" count="2" type="stmt"/>
      <line num="134" count="2" type="stmt"/>
      <line num="135" count="2" type="stmt"/>
      <line num="136" count="2" type="cond" truecount="1" falsecount="1"/>
      <line num="137" count="3" type="stmt"/>
      <line num="139" count="2" type="stmt"/>
      <line num="140" count="2" type="cond" truecount="1" falsecount="1"/>
      <line num="141" count="2" type="cond" truecount="2" falsecount="0"/>
      <line num="143" count="2" type="stmt"/>
      <line num="146" count="1" type="stmt"/>
      <line num="150" count="1" type="stmt"/>
      <line num="151" count="3" type="stmt"/>
      <line num="152" count="3" type="stmt"/>
      <line num="153" count="3" type="cond" truecount="2" falsecount="0"/>
      <line num="154" count="3" type="stmt"/>
      <line num="155" count="3" type="stmt"/>
      <line num="156" count="3" type="stmt"/>
      <line num="160" count="1" type="stmt"/>
      <line num="161" count="0" type="stmt"/>
    </file>
  </project>
</coverage>
