{"D:\\Updated-Test-Zare\\src\\lib\\dataStructures.ts": {"path":"D:\\Updated-Test-Zare\\src\\lib\\dataStructures.ts","statementMap":{"0":{"start":{"line":625,"column":0},"end":{"line":625,"column":16}},"1":{"start":{"line":15,"column":4},"end":{"line":15,"column":30}},"2":{"start":{"line":16,"column":4},"end":{"line":16,"column":29}},"3":{"start":{"line":34,"column":4},"end":{"line":34,"column":31}},"4":{"start":{"line":42,"column":22},"end":{"line":42,"column":31}},"5":{"start":{"line":44,"column":4},"end":{"line":49,"column":5}},"6":{"start":{"line":45,"column":6},"end":{"line":47,"column":7}},"7":{"start":{"line":46,"column":8},"end":{"line":46,"column":55}},"8":{"start":{"line":48,"column":6},"end":{"line":48,"column":52}},"9":{"start":{"line":51,"column":4},"end":{"line":51,"column":35}},"10":{"start":{"line":60,"column":22},"end":{"line":60,"column":31}},"11":{"start":{"line":62,"column":4},"end":{"line":67,"column":5}},"12":{"start":{"line":63,"column":6},"end":{"line":65,"column":7}},"13":{"start":{"line":64,"column":8},"end":{"line":64,"column":21}},"14":{"start":{"line":66,"column":6},"end":{"line":66,"column":52}},"15":{"start":{"line":69,"column":4},"end":{"line":69,"column":35}},"16":{"start":{"line":79,"column":22},"end":{"line":79,"column":31}},"17":{"start":{"line":81,"column":4},"end":{"line":86,"column":5}},"18":{"start":{"line":82,"column":6},"end":{"line":84,"column":7}},"19":{"start":{"line":83,"column":8},"end":{"line":83,"column":18}},"20":{"start":{"line":85,"column":6},"end":{"line":85,"column":52}},"21":{"start":{"line":89,"column":4},"end":{"line":89,"column":50}},"22":{"start":{"line":99,"column":28},"end":{"line":99,"column":30}},"23":{"start":{"line":102,"column":4},"end":{"line":104,"column":5}},"24":{"start":{"line":103,"column":6},"end":{"line":103,"column":25}},"25":{"start":{"line":107,"column":4},"end":{"line":110,"column":5}},"26":{"start":{"line":108,"column":25},"end":{"line":108,"column":68}},"27":{"start":{"line":109,"column":6},"end":{"line":109,"column":32}},"28":{"start":{"line":112,"column":4},"end":{"line":112,"column":17}},"29":{"start":{"line":120,"column":4},"end":{"line":120,"column":58}},"30":{"start":{"line":124,"column":4},"end":{"line":132,"column":5}},"31":{"start":{"line":125,"column":6},"end":{"line":127,"column":7}},"32":{"start":{"line":126,"column":8},"end":{"line":126,"column":21}},"33":{"start":{"line":128,"column":6},"end":{"line":128,"column":31}},"34":{"start":{"line":131,"column":6},"end":{"line":131,"column":38}},"35":{"start":{"line":134,"column":17},"end":{"line":134,"column":28}},"36":{"start":{"line":135,"column":22},"end":{"line":135,"column":45}},"37":{"start":{"line":137,"column":4},"end":{"line":139,"column":5}},"38":{"start":{"line":138,"column":6},"end":{"line":138,"column":19}},"39":{"start":{"line":141,"column":30},"end":{"line":141,"column":70}},"40":{"start":{"line":143,"column":4},"end":{"line":148,"column":5}},"41":{"start":{"line":144,"column":6},"end":{"line":144,"column":33}},"42":{"start":{"line":147,"column":6},"end":{"line":147,"column":59}},"43":{"start":{"line":150,"column":4},"end":{"line":150,"column":17}},"44":{"start":{"line":30,"column":0},"end":{"line":30,"column":13}},"45":{"start":{"line":164,"column":4},"end":{"line":164,"column":19}},"46":{"start":{"line":165,"column":4},"end":{"line":165,"column":23}},"47":{"start":{"line":166,"column":4},"end":{"line":166,"column":21}},"48":{"start":{"line":167,"column":4},"end":{"line":167,"column":21}},"49":{"start":{"line":190,"column":4},"end":{"line":192,"column":5}},"50":{"start":{"line":191,"column":6},"end":{"line":191,"column":57}},"51":{"start":{"line":194,"column":4},"end":{"line":194,"column":29}},"52":{"start":{"line":195,"column":4},"end":{"line":195,"column":18}},"53":{"start":{"line":196,"column":4},"end":{"line":196,"column":27}},"54":{"start":{"line":199,"column":4},"end":{"line":199,"column":60}},"55":{"start":{"line":200,"column":4},"end":{"line":200,"column":60}},"56":{"start":{"line":201,"column":4},"end":{"line":201,"column":31}},"57":{"start":{"line":202,"column":4},"end":{"line":202,"column":31}},"58":{"start":{"line":213,"column":17},"end":{"line":213,"column":36}},"59":{"start":{"line":215,"column":4},"end":{"line":217,"column":5}},"60":{"start":{"line":216,"column":6},"end":{"line":216,"column":23}},"61":{"start":{"line":220,"column":4},"end":{"line":220,"column":27}},"62":{"start":{"line":222,"column":4},"end":{"line":222,"column":22}},"63":{"start":{"line":233,"column":15},"end":{"line":233,"column":34}},"64":{"start":{"line":235,"column":4},"end":{"line":240,"column":5}},"65":{"start":{"line":237,"column":6},"end":{"line":237,"column":25}},"66":{"start":{"line":238,"column":6},"end":{"line":238,"column":29}},"67":{"start":{"line":239,"column":6},"end":{"line":239,"column":13}},"68":{"start":{"line":243,"column":4},"end":{"line":243,"column":35}},"69":{"start":{"line":244,"column":4},"end":{"line":244,"column":30}},"70":{"start":{"line":245,"column":4},"end":{"line":245,"column":24}},"71":{"start":{"line":246,"column":4},"end":{"line":246,"column":16}},"72":{"start":{"line":249,"column":4},"end":{"line":251,"column":5}},"73":{"start":{"line":250,"column":6},"end":{"line":250,"column":23}},"74":{"start":{"line":260,"column":17},"end":{"line":260,"column":36}},"75":{"start":{"line":262,"column":4},"end":{"line":264,"column":5}},"76":{"start":{"line":263,"column":6},"end":{"line":263,"column":19}},"77":{"start":{"line":266,"column":4},"end":{"line":266,"column":27}},"78":{"start":{"line":267,"column":4},"end":{"line":267,"column":27}},"79":{"start":{"line":268,"column":4},"end":{"line":268,"column":16}},"80":{"start":{"line":270,"column":4},"end":{"line":270,"column":16}},"81":{"start":{"line":277,"column":4},"end":{"line":277,"column":21}},"82":{"start":{"line":284,"column":4},"end":{"line":284,"column":23}},"83":{"start":{"line":285,"column":4},"end":{"line":285,"column":18}},"84":{"start":{"line":286,"column":4},"end":{"line":286,"column":31}},"85":{"start":{"line":287,"column":4},"end":{"line":287,"column":31}},"86":{"start":{"line":294,"column":4},"end":{"line":299,"column":6}},"87":{"start":{"line":306,"column":49},"end":{"line":306,"column":51}},"88":{"start":{"line":307,"column":22},"end":{"line":307,"column":36}},"89":{"start":{"line":309,"column":4},"end":{"line":312,"column":5}},"90":{"start":{"line":310,"column":6},"end":{"line":310,"column":71}},"91":{"start":{"line":311,"column":6},"end":{"line":311,"column":37}},"92":{"start":{"line":314,"column":4},"end":{"line":314,"column":19}},"93":{"start":{"line":321,"column":4},"end":{"line":321,"column":26}},"94":{"start":{"line":322,"column":4},"end":{"line":322,"column":31}},"95":{"start":{"line":324,"column":4},"end":{"line":324,"column":32}},"96":{"start":{"line":325,"column":4},"end":{"line":325,"column":26}},"97":{"start":{"line":332,"column":21},"end":{"line":332,"column":31}},"98":{"start":{"line":333,"column":21},"end":{"line":333,"column":31}},"99":{"start":{"line":335,"column":4},"end":{"line":335,"column":29}},"100":{"start":{"line":336,"column":4},"end":{"line":336,"column":29}},"101":{"start":{"line":343,"column":4},"end":{"line":343,"column":27}},"102":{"start":{"line":344,"column":4},"end":{"line":344,"column":24}},"103":{"start":{"line":351,"column":20},"end":{"line":351,"column":35}},"104":{"start":{"line":352,"column":4},"end":{"line":352,"column":30}},"105":{"start":{"line":353,"column":4},"end":{"line":353,"column":35}},"106":{"start":{"line":354,"column":4},"end":{"line":354,"column":16}},"107":{"start":{"line":182,"column":0},"end":{"line":182,"column":13}},"108":{"start":{"line":368,"column":4},"end":{"line":368,"column":53}},"109":{"start":{"line":369,"column":4},"end":{"line":369,"column":22}},"110":{"start":{"line":370,"column":4},"end":{"line":370,"column":23}},"111":{"start":{"line":371,"column":4},"end":{"line":371,"column":24}},"112":{"start":{"line":381,"column":21},"end":{"line":381,"column":57}},"113":{"start":{"line":382,"column":19},"end":{"line":382,"column":43}},"114":{"start":{"line":384,"column":4},"end":{"line":388,"column":5}},"115":{"start":{"line":385,"column":6},"end":{"line":385,"column":22}},"116":{"start":{"line":386,"column":6},"end":{"line":386,"column":43}},"117":{"start":{"line":387,"column":6},"end":{"line":387,"column":20}},"118":{"start":{"line":390,"column":4},"end":{"line":390,"column":21}},"119":{"start":{"line":391,"column":4},"end":{"line":391,"column":42}},"120":{"start":{"line":393,"column":4},"end":{"line":426,"column":5}},"121":{"start":{"line":394,"column":23},"end":{"line":398,"column":null}},"122":{"start":{"line":403,"column":26},"end":{"line":403,"column":62}},"123":{"start":{"line":404,"column":6},"end":{"line":406,"column":7}},"124":{"start":{"line":405,"column":8},"end":{"line":405,"column":64}},"125":{"start":{"line":408,"column":6},"end":{"line":410,"column":7}},"126":{"start":{"line":409,"column":8},"end":{"line":409,"column":75}},"127":{"start":{"line":412,"column":19},"end":{"line":412,"column":40}},"128":{"start":{"line":413,"column":6},"end":{"line":413,"column":37}},"129":{"start":{"line":414,"column":6},"end":{"line":414,"column":18}},"130":{"start":{"line":416,"column":6},"end":{"line":416,"column":24}},"131":{"start":{"line":417,"column":6},"end":{"line":417,"column":48}},"132":{"start":{"line":420,"column":6},"end":{"line":423,"column":7}},"133":{"start":{"line":421,"column":8},"end":{"line":421,"column":60}},"134":{"start":{"line":422,"column":8},"end":{"line":422,"column":38}},"135":{"start":{"line":425,"column":6},"end":{"line":425,"column":18}},"136":{"start":{"line":434,"column":4},"end":{"line":519,"column":5}},"137":{"start":{"line":435,"column":6},"end":{"line":518,"column":8}},"138":{"start":{"line":522,"column":4},"end":{"line":522,"column":14}},"139":{"start":{"line":529,"column":17},"end":{"line":529,"column":30}},"140":{"start":{"line":530,"column":19},"end":{"line":530,"column":33}},"141":{"start":{"line":531,"column":19},"end":{"line":531,"column":34}},"142":{"start":{"line":532,"column":18},"end":{"line":532,"column":31}},"143":{"start":{"line":533,"column":20},"end":{"line":533,"column":56}},"144":{"start":{"line":535,"column":4},"end":{"line":542,"column":6}},"145":{"start":{"line":549,"column":4},"end":{"line":549,"column":23}},"146":{"start":{"line":550,"column":4},"end":{"line":550,"column":22}},"147":{"start":{"line":551,"column":4},"end":{"line":551,"column":23}},"148":{"start":{"line":552,"column":4},"end":{"line":552,"column":24}},"149":{"start":{"line":556,"column":4},"end":{"line":556,"column":22}},"150":{"start":{"line":563,"column":26},"end":{"line":563,"column":64}},"151":{"start":{"line":564,"column":4},"end":{"line":564,"column":38}},"152":{"start":{"line":361,"column":0},"end":{"line":361,"column":13}},"153":{"start":{"line":575,"column":4},"end":{"line":575,"column":27}},"154":{"start":{"line":583,"column":4},"end":{"line":583,"column":52}},"155":{"start":{"line":583,"column":28},"end":{"line":583,"column":50}},"156":{"start":{"line":593,"column":23},"end":{"line":593,"column":51}},"157":{"start":{"line":594,"column":4},"end":{"line":594,"column":38}},"158":{"start":{"line":602,"column":4},"end":{"line":602,"column":27}},"159":{"start":{"line":610,"column":4},"end":{"line":610,"column":34}},"160":{"start":{"line":618,"column":4},"end":{"line":618,"column":34}},"161":{"start":{"line":571,"column":0},"end":{"line":571,"column":13}},"162":{"start":{"line":626,"column":2},"end":{"line":626,"column":38}},"163":{"start":{"line":627,"column":15},"end":{"line":627,"column":25}},"164":{"start":{"line":630,"column":2},"end":{"line":630,"column":23}},"165":{"start":{"line":631,"column":2},"end":{"line":631,"column":21}},"166":{"start":{"line":632,"column":2},"end":{"line":632,"column":29}},"167":{"start":{"line":633,"column":2},"end":{"line":633,"column":24}},"168":{"start":{"line":634,"column":2},"end":{"line":634,"column":22}},"169":{"start":{"line":636,"column":2},"end":{"line":636,"column":55}},"170":{"start":{"line":637,"column":2},"end":{"line":637,"column":51}},"171":{"start":{"line":638,"column":2},"end":{"line":638,"column":53}},"172":{"start":{"line":640,"column":2},"end":{"line":640,"column":59}},"173":{"start":{"line":643,"column":2},"end":{"line":643,"column":59}},"174":{"start":{"line":647,"column":2},"end":{"line":647,"column":21}},"175":{"start":{"line":648,"column":2},"end":{"line":648,"column":65}},"176":{"start":{"line":649,"column":2},"end":{"line":649,"column":69}},"177":{"start":{"line":651,"column":2},"end":{"line":651,"column":45}},"178":{"start":{"line":652,"column":16},"end":{"line":652,"column":47}},"179":{"start":{"line":654,"column":2},"end":{"line":654,"column":20}},"180":{"start":{"line":655,"column":2},"end":{"line":655,"column":20}},"181":{"start":{"line":656,"column":2},"end":{"line":656,"column":20}},"182":{"start":{"line":657,"column":2},"end":{"line":657,"column":61}},"183":{"start":{"line":659,"column":2},"end":{"line":659,"column":42}},"184":{"start":{"line":661,"column":2},"end":{"line":661,"column":20}},"185":{"start":{"line":662,"column":2},"end":{"line":662,"column":59}},"186":{"start":{"line":663,"column":2},"end":{"line":663,"column":42}},"187":{"start":{"line":664,"column":2},"end":{"line":664,"column":42}},"188":{"start":{"line":665,"column":2},"end":{"line":665,"column":42}},"189":{"start":{"line":667,"column":2},"end":{"line":667,"column":61}},"190":{"start":{"line":668,"column":2},"end":{"line":668,"column":54}},"191":{"start":{"line":670,"column":2},"end":{"line":670,"column":56}},"192":{"start":{"line":671,"column":23},"end":{"line":671,"column":48}},"193":{"start":{"line":672,"column":2},"end":{"line":680,"column":5}},"194":{"start":{"line":682,"column":2},"end":{"line":682,"column":79}},"195":{"start":{"line":683,"column":2},"end":{"line":683,"column":77}},"196":{"start":{"line":684,"column":2},"end":{"line":684,"column":75}},"197":{"start":{"line":686,"column":2},"end":{"line":686,"column":53}},"198":{"start":{"line":687,"column":23},"end":{"line":687,"column":45}},"199":{"start":{"line":690,"column":2},"end":{"line":690,"column":67}}},"fnMap":{"0":{"name":"(anonymous_7)","decl":{"start":{"line":14,"column":2},"end":{"line":14,"column":null}},"loc":{"start":{"line":14,"column":2},"end":{"line":17,"column":3}}},"1":{"name":"(anonymous_8)","decl":{"start":{"line":33,"column":2},"end":{"line":33,"column":null}},"loc":{"start":{"line":33,"column":2},"end":{"line":35,"column":3}}},"2":{"name":"(anonymous_9)","decl":{"start":{"line":41,"column":2},"end":{"line":41,"column":8}},"loc":{"start":{"line":41,"column":21},"end":{"line":52,"column":3}}},"3":{"name":"(anonymous_10)","decl":{"start":{"line":59,"column":2},"end":{"line":59,"column":8}},"loc":{"start":{"line":59,"column":21},"end":{"line":70,"column":3}}},"4":{"name":"(anonymous_11)","decl":{"start":{"line":77,"column":2},"end":{"line":77,"column":12}},"loc":{"start":{"line":77,"column":27},"end":{"line":90,"column":3}}},"5":{"name":"(anonymous_12)","decl":{"start":{"line":98,"column":10},"end":{"line":98,"column":22}},"loc":{"start":{"line":98,"column":53},"end":{"line":113,"column":3}}},"6":{"name":"(anonymous_13)","decl":{"start":{"line":119,"column":2},"end":{"line":119,"column":8}},"loc":{"start":{"line":119,"column":21},"end":{"line":121,"column":3}}},"7":{"name":"(anonymous_14)","decl":{"start":{"line":123,"column":10},"end":{"line":123,"column":17}},"loc":{"start":{"line":123,"column":61},"end":{"line":151,"column":3}}},"8":{"name":"(anonymous_15)","decl":{"start":{"line":163,"column":2},"end":{"line":163,"column":14}},"loc":{"start":{"line":163,"column":30},"end":{"line":168,"column":3}}},"9":{"name":"(anonymous_16)","decl":{"start":{"line":189,"column":2},"end":{"line":189,"column":14}},"loc":{"start":{"line":189,"column":30},"end":{"line":203,"column":3}}},"10":{"name":"(anonymous_17)","decl":{"start":{"line":212,"column":2},"end":{"line":212,"column":5}},"loc":{"start":{"line":212,"column":12},"end":{"line":223,"column":3}}},"11":{"name":"(anonymous_18)","decl":{"start":{"line":232,"column":2},"end":{"line":232,"column":5}},"loc":{"start":{"line":232,"column":22},"end":{"line":252,"column":3}}},"12":{"name":"(anonymous_19)","decl":{"start":{"line":259,"column":2},"end":{"line":259,"column":8}},"loc":{"start":{"line":259,"column":15},"end":{"line":271,"column":3}}},"13":{"name":"(anonymous_20)","decl":{"start":{"line":276,"column":2},"end":{"line":276,"column":9}},"loc":{"start":{"line":276,"column":9},"end":{"line":278,"column":3}}},"14":{"name":"(anonymous_21)","decl":{"start":{"line":283,"column":2},"end":{"line":283,"column":7}},"loc":{"start":{"line":283,"column":7},"end":{"line":288,"column":3}}},"15":{"name":"(anonymous_22)","decl":{"start":{"line":293,"column":2},"end":{"line":293,"column":10}},"loc":{"start":{"line":293,"column":10},"end":{"line":300,"column":3}}},"16":{"name":"(anonymous_23)","decl":{"start":{"line":305,"column":2},"end":{"line":305,"column":12}},"loc":{"start":{"line":305,"column":12},"end":{"line":315,"column":3}}},"17":{"name":"(anonymous_24)","decl":{"start":{"line":320,"column":10},"end":{"line":320,"column":18}},"loc":{"start":{"line":320,"column":38},"end":{"line":326,"column":3}}},"18":{"name":"(anonymous_25)","decl":{"start":{"line":331,"column":10},"end":{"line":331,"column":21}},"loc":{"start":{"line":331,"column":41},"end":{"line":337,"column":3}}},"19":{"name":"(anonymous_26)","decl":{"start":{"line":342,"column":10},"end":{"line":342,"column":21}},"loc":{"start":{"line":342,"column":41},"end":{"line":345,"column":3}}},"20":{"name":"(anonymous_27)","decl":{"start":{"line":350,"column":10},"end":{"line":350,"column":19}},"loc":{"start":{"line":350,"column":19},"end":{"line":355,"column":3}}},"21":{"name":"(anonymous_28)","decl":{"start":{"line":367,"column":2},"end":{"line":367,"column":14}},"loc":{"start":{"line":367,"column":36},"end":{"line":372,"column":3}}},"22":{"name":"(anonymous_29)","decl":{"start":{"line":380,"column":8},"end":{"line":380,"column":22}},"loc":{"start":{"line":380,"column":57},"end":{"line":427,"column":null}}},"23":{"name":"(anonymous_31)","decl":{"start":{"line":432,"column":10},"end":{"line":432,"column":22}},"loc":{"start":{"line":432,"column":34},"end":{"line":523,"column":3}}},"24":{"name":"(anonymous_32)","decl":{"start":{"line":528,"column":2},"end":{"line":528,"column":15}},"loc":{"start":{"line":528,"column":15},"end":{"line":543,"column":3}}},"25":{"name":"(anonymous_33)","decl":{"start":{"line":548,"column":2},"end":{"line":548,"column":12}},"loc":{"start":{"line":548,"column":12},"end":{"line":553,"column":3}}},"26":{"name":"(anonymous_34)","decl":{"start":{"line":555,"column":2},"end":{"line":555,"column":10}},"loc":{"start":{"line":555,"column":10},"end":{"line":557,"column":3}}},"27":{"name":"(anonymous_35)","decl":{"start":{"line":562,"column":10},"end":{"line":562,"column":27}},"loc":{"start":{"line":562,"column":62},"end":{"line":565,"column":3}}},"28":{"name":"(anonymous_36)","decl":{"start":{"line":574,"column":2},"end":{"line":574,"column":null}},"loc":{"start":{"line":574,"column":2},"end":{"line":576,"column":3}}},"29":{"name":"(anonymous_37)","decl":{"start":{"line":582,"column":2},"end":{"line":582,"column":7}},"loc":{"start":{"line":582,"column":23},"end":{"line":584,"column":3}}},"30":{"name":"(anonymous_38)","decl":{"start":{"line":583,"column":18},"end":{"line":583,"column":19}},"loc":{"start":{"line":583,"column":28},"end":{"line":583,"column":50}}},"31":{"name":"(anonymous_39)","decl":{"start":{"line":592,"column":2},"end":{"line":592,"column":16}},"loc":{"start":{"line":592,"column":51},"end":{"line":595,"column":3}}},"32":{"name":"(anonymous_40)","decl":{"start":{"line":601,"column":2},"end":{"line":601,"column":9}},"loc":{"start":{"line":601,"column":22},"end":{"line":603,"column":3}}},"33":{"name":"(anonymous_41)","decl":{"start":{"line":609,"column":2},"end":{"line":609,"column":12}},"loc":{"start":{"line":609,"column":25},"end":{"line":611,"column":3}}},"34":{"name":"(anonymous_42)","decl":{"start":{"line":617,"column":2},"end":{"line":617,"column":9}},"loc":{"start":{"line":617,"column":22},"end":{"line":619,"column":3}}},"35":{"name":"testDataStructures","decl":{"start":{"line":625,"column":16},"end":{"line":625,"column":34}},"loc":{"start":{"line":625,"column":34},"end":{"line":691,"column":1}}}},"branchMap":{"0":{"loc":{"start":{"line":45,"column":6},"end":{"line":47,"column":7}},"type":"if","locations":[{"start":{"line":45,"column":6},"end":{"line":47,"column":7}},{"start":{},"end":{}}]},"1":{"loc":{"start":{"line":63,"column":6},"end":{"line":65,"column":7}},"type":"if","locations":[{"start":{"line":63,"column":6},"end":{"line":65,"column":7}},{"start":{},"end":{}}]},"2":{"loc":{"start":{"line":82,"column":6},"end":{"line":84,"column":7}},"type":"if","locations":[{"start":{"line":82,"column":6},"end":{"line":84,"column":7}},{"start":{},"end":{}}]},"3":{"loc":{"start":{"line":102,"column":4},"end":{"line":104,"column":5}},"type":"if","locations":[{"start":{"line":102,"column":4},"end":{"line":104,"column":5}},{"start":{},"end":{}}]},"4":{"loc":{"start":{"line":124,"column":4},"end":{"line":132,"column":5}},"type":"if","locations":[{"start":{"line":124,"column":4},"end":{"line":132,"column":5}},{"start":{},"end":{}}]},"5":{"loc":{"start":{"line":125,"column":6},"end":{"line":127,"column":7}},"type":"if","locations":[{"start":{"line":125,"column":6},"end":{"line":127,"column":7}},{"start":{},"end":{}}]},"6":{"loc":{"start":{"line":137,"column":4},"end":{"line":139,"column":5}},"type":"if","locations":[{"start":{"line":137,"column":4},"end":{"line":139,"column":5}},{"start":{},"end":{}}]},"7":{"loc":{"start":{"line":143,"column":4},"end":{"line":148,"column":5}},"type":"if","locations":[{"start":{"line":143,"column":4},"end":{"line":148,"column":5}},{"start":{},"end":{}}]},"8":{"loc":{"start":{"line":147,"column":13},"end":{"line":147,"column":58}},"type":"binary-expr","locations":[{"start":{"line":147,"column":13},"end":{"line":147,"column":30}},{"start":{"line":147,"column":34},"end":{"line":147,"column":58}}]},"9":{"loc":{"start":{"line":190,"column":4},"end":{"line":192,"column":5}},"type":"if","locations":[{"start":{"line":190,"column":4},"end":{"line":192,"column":5}},{"start":{},"end":{}}]},"10":{"loc":{"start":{"line":215,"column":4},"end":{"line":217,"column":5}},"type":"if","locations":[{"start":{"line":215,"column":4},"end":{"line":217,"column":5}},{"start":{},"end":{}}]},"11":{"loc":{"start":{"line":235,"column":4},"end":{"line":240,"column":5}},"type":"if","locations":[{"start":{"line":235,"column":4},"end":{"line":240,"column":5}},{"start":{},"end":{}}]},"12":{"loc":{"start":{"line":249,"column":4},"end":{"line":251,"column":5}},"type":"if","locations":[{"start":{"line":249,"column":4},"end":{"line":251,"column":5}},{"start":{},"end":{}}]},"13":{"loc":{"start":{"line":262,"column":4},"end":{"line":264,"column":5}},"type":"if","locations":[{"start":{"line":262,"column":4},"end":{"line":264,"column":5}},{"start":{},"end":{}}]},"14":{"loc":{"start":{"line":309,"column":11},"end":{"line":309,"column":51}},"type":"binary-expr","locations":[{"start":{"line":309,"column":11},"end":{"line":309,"column":22}},{"start":{"line":309,"column":26},"end":{"line":309,"column":51}}]},"15":{"loc":{"start":{"line":367,"column":14},"end":{"line":367,"column":36}},"type":"default-arg","locations":[{"start":{"line":367,"column":33},"end":{"line":367,"column":36}}]},"16":{"loc":{"start":{"line":384,"column":4},"end":{"line":388,"column":5}},"type":"if","locations":[{"start":{"line":384,"column":4},"end":{"line":388,"column":5}},{"start":{},"end":{}}]},"17":{"loc":{"start":{"line":398,"column":13},"end":{"line":398,"column":29}},"type":"cond-expr","locations":[{"start":{"line":398,"column":20},"end":{"line":398,"column":22}},{"start":{"line":398,"column":13},"end":{"line":398,"column":29}}]},"18":{"loc":{"start":{"line":398,"column":13},"end":{"line":398,"column":22}},"type":"binary-expr","locations":[{"start":{"line":398,"column":13},"end":{"line":398,"column":22}},{"start":{"line":398,"column":13},"end":{"line":398,"column":22}}]},"19":{"loc":{"start":{"line":404,"column":6},"end":{"line":406,"column":7}},"type":"if","locations":[{"start":{"line":404,"column":6},"end":{"line":406,"column":7}},{"start":{},"end":{}}]},"20":{"loc":{"start":{"line":404,"column":10},"end":{"line":404,"column":67}},"type":"binary-expr","locations":[{"start":{"line":404,"column":10},"end":{"line":404,"column":22}},{"start":{"line":404,"column":26},"end":{"line":404,"column":67}}]},"21":{"loc":{"start":{"line":408,"column":6},"end":{"line":410,"column":7}},"type":"if","locations":[{"start":{"line":408,"column":6},"end":{"line":410,"column":7}},{"start":{},"end":{}}]},"22":{"loc":{"start":{"line":420,"column":6},"end":{"line":423,"column":7}},"type":"if","locations":[{"start":{"line":420,"column":6},"end":{"line":423,"column":7}},{"start":{},"end":{}}]},"23":{"loc":{"start":{"line":434,"column":4},"end":{"line":519,"column":5}},"type":"if","locations":[{"start":{"line":434,"column":4},"end":{"line":519,"column":5}},{"start":{},"end":{}}]},"24":{"loc":{"start":{"line":434,"column":8},"end":{"line":434,"column":64}},"type":"binary-expr","locations":[{"start":{"line":434,"column":8},"end":{"line":434,"column":37}},{"start":{"line":434,"column":41},"end":{"line":434,"column":64}}]},"25":{"loc":{"start":{"line":533,"column":20},"end":{"line":533,"column":56}},"type":"cond-expr","locations":[{"start":{"line":533,"column":32},"end":{"line":533,"column":52}},{"start":{"line":533,"column":55},"end":{"line":533,"column":56}}]},"26":{"loc":{"start":{"line":563,"column":26},"end":{"line":563,"column":64}},"type":"cond-expr","locations":[{"start":{"line":563,"column":36},"end":{"line":563,"column":59}},{"start":{"line":563,"column":62},"end":{"line":563,"column":64}}]},"27":{"loc":{"start":{"line":592,"column":33},"end":{"line":592,"column":51}},"type":"default-arg","locations":[{"start":{"line":592,"column":49},"end":{"line":592,"column":51}}]}},"s":{"0":1,"1":42,"2":42,"3":3,"4":10,"5":10,"6":56,"7":39,"8":56,"9":10,"10":7,"11":7,"12":26,"13":1,"14":25,"15":6,"16":2,"17":2,"18":6,"19":0,"20":6,"21":2,"22":20,"23":20,"24":6,"25":20,"26":18,"27":18,"28":20,"29":2,"30":10,"31":2,"32":0,"33":2,"34":2,"35":8,"36":8,"37":8,"38":0,"39":8,"40":8,"41":5,"42":5,"43":3,"44":1,"45":16,"46":16,"47":16,"48":16,"49":4,"50":0,"51":4,"52":4,"53":4,"54":4,"55":4,"56":4,"57":4,"58":7,"59":7,"60":4,"61":3,"62":3,"63":8,"64":8,"65":0,"66":0,"67":0,"68":8,"69":8,"70":8,"71":8,"72":8,"73":1,"74":1,"75":1,"76":0,"77":1,"78":1,"79":1,"80":1,"81":4,"82":2,"83":2,"84":2,"85":2,"86":3,"87":1,"88":1,"89":1,"90":3,"91":3,"92":1,"93":11,"94":11,"95":11,"96":11,"97":5,"98":5,"99":5,"100":5,"101":3,"102":3,"103":1,"104":1,"105":1,"106":1,"107":1,"108":2,"109":2,"110":2,"111":2,"112":3,"113":3,"114":3,"115":1,"116":1,"117":1,"118":2,"119":2,"120":2,"121":2,"122":1,"123":1,"124":0,"125":1,"126":0,"127":1,"128":1,"129":1,"130":1,"131":1,"132":1,"133":1,"134":1,"135":0,"136":1,"137":1,"138":0,"139":2,"140":2,"141":2,"142":2,"143":2,"144":2,"145":1,"146":1,"147":1,"148":1,"149":0,"150":3,"151":3,"152":1,"153":2,"154":1,"155":6,"156":1,"157":1,"158":1,"159":1,"160":2,"161":1,"162":0,"163":0,"164":0,"165":0,"166":0,"167":0,"168":0,"169":0,"170":0,"171":0,"172":0,"173":0,"174":0,"175":0,"176":0,"177":0,"178":0,"179":0,"180":0,"181":0,"182":0,"183":0,"184":0,"185":0,"186":0,"187":0,"188":0,"189":0,"190":0,"191":0,"192":0,"193":0,"194":0,"195":0,"196":0,"197":0,"198":0,"199":0},"f":{"0":42,"1":3,"2":10,"3":7,"4":2,"5":20,"6":2,"7":10,"8":16,"9":4,"10":7,"11":8,"12":1,"13":4,"14":2,"15":3,"16":1,"17":11,"18":5,"19":3,"20":1,"21":2,"22":3,"23":1,"24":2,"25":1,"26":0,"27":3,"28":2,"29":1,"30":6,"31":1,"32":1,"33":1,"34":2,"35":0},"b":{"0":[39,17],"1":[1,25],"2":[0,6],"3":[6,14],"4":[2,8],"5":[0,2],"6":[0,8],"7":[5,3],"8":[5,5],"9":[0,4],"10":[4,3],"11":[0,8],"12":[1,7],"13":[0,1],"14":[4,4],"15":[0],"16":[1,2],"17":[2,0],"18":[2,2],"19":[0,1],"20":[1,1],"21":[0,1],"22":[1,0],"23":[1,0],"24":[1,0],"25":[1,1],"26":[0,3],"27":[0]}}
,"D:\\Updated-Test-Zare\\src\\lib\\projectsHelpers.ts": {"path":"D:\\Updated-Test-Zare\\src\\lib\\projectsHelpers.ts","statementMap":{"0":{"start":{"line":13,"column":35},"end":{"line":34,"column":1}},"1":{"start":{"line":14,"column":22},"end":{"line":14,"column":24}},"2":{"start":{"line":16,"column":2},"end":{"line":26,"column":3}},"3":{"start":{"line":18,"column":6},"end":{"line":18,"column":73}},"4":{"start":{"line":19,"column":6},"end":{"line":19,"column":12}},"5":{"start":{"line":21,"column":6},"end":{"line":21,"column":74}},"6":{"start":{"line":22,"column":6},"end":{"line":22,"column":12}},"7":{"start":{"line":24,"column":6},"end":{"line":24,"column":74}},"8":{"start":{"line":25,"column":6},"end":{"line":25,"column":12}},"9":{"start":{"line":28,"column":2},"end":{"line":31,"column":3}},"10":{"start":{"line":29,"column":31},"end":{"line":29,"column":76}},"11":{"start":{"line":30,"column":4},"end":{"line":30,"column":85}},"12":{"start":{"line":33,"column":2},"end":{"line":33,"column":23}},"13":{"start":{"line":13,"column":13},"end":{"line":13,"column":35}},"14":{"start":{"line":39,"column":41},"end":{"line":53,"column":1}},"15":{"start":{"line":40,"column":2},"end":{"line":52,"column":5}},"16":{"start":{"line":41,"column":26},"end":{"line":41,"column":54}},"17":{"start":{"line":43,"column":19},"end":{"line":43,"column":114}},"18":{"start":{"line":44,"column":25},"end":{"line":44,"column":57}},"19":{"start":{"line":46,"column":4},"end":{"line":51,"column":27}},"20":{"start":{"line":39,"column":13},"end":{"line":39,"column":41}},"21":{"start":{"line":55,"column":39},"end":{"line":58,"column":1}},"22":{"start":{"line":56,"column":12},"end":{"line":56,"column":62}},"23":{"start":{"line":56,"column":43},"end":{"line":56,"column":61}},"24":{"start":{"line":57,"column":2},"end":{"line":57,"column":32}},"25":{"start":{"line":55,"column":13},"end":{"line":55,"column":39}},"26":{"start":{"line":60,"column":41},"end":{"line":63,"column":1}},"27":{"start":{"line":61,"column":12},"end":{"line":61,"column":62}},"28":{"start":{"line":61,"column":43},"end":{"line":61,"column":61}},"29":{"start":{"line":62,"column":2},"end":{"line":62,"column":37}},"30":{"start":{"line":60,"column":13},"end":{"line":60,"column":41}}},"fnMap":{"0":{"name":"(anonymous_0)","decl":{"start":{"line":13,"column":35},"end":{"line":13,"column":36}},"loc":{"start":{"line":13,"column":64},"end":{"line":34,"column":1}}},"1":{"name":"(anonymous_1)","decl":{"start":{"line":39,"column":41},"end":{"line":39,"column":42}},"loc":{"start":{"line":39,"column":86},"end":{"line":53,"column":1}}},"2":{"name":"(anonymous_2)","decl":{"start":{"line":40,"column":22},"end":{"line":40,"column":23}},"loc":{"start":{"line":40,"column":34},"end":{"line":52,"column":3}}},"3":{"name":"(anonymous_3)","decl":{"start":{"line":55,"column":39},"end":{"line":55,"column":40}},"loc":{"start":{"line":55,"column":110},"end":{"line":58,"column":1}}},"4":{"name":"(anonymous_4)","decl":{"start":{"line":56,"column":36},"end":{"line":56,"column":37}},"loc":{"start":{"line":56,"column":43},"end":{"line":56,"column":61}}},"5":{"name":"(anonymous_5)","decl":{"start":{"line":60,"column":41},"end":{"line":60,"column":42}},"loc":{"start":{"line":60,"column":112},"end":{"line":63,"column":1}}},"6":{"name":"(anonymous_6)","decl":{"start":{"line":61,"column":36},"end":{"line":61,"column":37}},"loc":{"start":{"line":61,"column":43},"end":{"line":61,"column":61}}}},"branchMap":{"0":{"loc":{"start":{"line":16,"column":2},"end":{"line":26,"column":3}},"type":"switch","locations":[{"start":{"line":17,"column":4},"end":{"line":19,"column":12}},{"start":{"line":20,"column":4},"end":{"line":22,"column":12}},{"start":{"line":23,"column":4},"end":{"line":25,"column":12}}]},"1":{"loc":{"start":{"line":28,"column":2},"end":{"line":31,"column":3}},"type":"if","locations":[{"start":{"line":28,"column":2},"end":{"line":31,"column":3}},{"start":{},"end":{}}]},"2":{"loc":{"start":{"line":43,"column":19},"end":{"line":43,"column":114}},"type":"cond-expr","locations":[{"start":{"line":43,"column":57},"end":{"line":43,"column":107}},{"start":{"line":43,"column":110},"end":{"line":43,"column":114}}]},"3":{"loc":{"start":{"line":44,"column":25},"end":{"line":44,"column":57}},"type":"cond-expr","locations":[{"start":{"line":44,"column":34},"end":{"line":44,"column":52}},{"start":{"line":44,"column":55},"end":{"line":44,"column":57}}]},"4":{"loc":{"start":{"line":57,"column":9},"end":{"line":57,"column":31}},"type":"binary-expr","locations":[{"start":{"line":57,"column":9},"end":{"line":57,"column":25}},{"start":{"line":57,"column":29},"end":{"line":57,"column":31}}]},"5":{"loc":{"start":{"line":57,"column":9},"end":{"line":57,"column":25}},"type":"cond-expr","locations":[{"start":{"line":57,"column":10},"end":{"line":57,"column":12}},{"start":{"line":57,"column":9},"end":{"line":57,"column":25}}]},"6":{"loc":{"start":{"line":57,"column":9},"end":{"line":57,"column":12}},"type":"binary-expr","locations":[{"start":{"line":57,"column":9},"end":{"line":57,"column":12}},{"start":{"line":57,"column":9},"end":{"line":57,"column":12}}]},"7":{"loc":{"start":{"line":62,"column":9},"end":{"line":62,"column":36}},"type":"binary-expr","locations":[{"start":{"line":62,"column":9},"end":{"line":62,"column":31}},{"start":{"line":62,"column":35},"end":{"line":62,"column":36}}]},"8":{"loc":{"start":{"line":62,"column":9},"end":{"line":62,"column":31}},"type":"cond-expr","locations":[{"start":{"line":62,"column":10},"end":{"line":62,"column":12}},{"start":{"line":62,"column":9},"end":{"line":62,"column":31}}]},"9":{"loc":{"start":{"line":62,"column":9},"end":{"line":62,"column":12}},"type":"binary-expr","locations":[{"start":{"line":62,"column":9},"end":{"line":62,"column":12}},{"start":{"line":62,"column":9},"end":{"line":62,"column":12}}]}},"s":{"0":1,"1":3,"2":3,"3":3,"4":3,"5":0,"6":0,"7":0,"8":0,"9":3,"10":3,"11":3,"12":3,"13":1,"14":1,"15":2,"16":2,"17":2,"18":2,"19":2,"20":1,"21":1,"22":1,"23":1,"24":1,"25":1,"26":1,"27":1,"28":1,"29":1,"30":1},"f":{"0":3,"1":2,"2":2,"3":1,"4":1,"5":1,"6":1},"b":{"0":[3,0,0],"1":[3,0],"2":[2,0],"3":[2,0],"4":[1,0],"5":[0,1],"6":[1,1],"7":[1,0],"8":[0,1],"9":[1,1]}}
,"D:\\Updated-Test-Zare\\src\\lib\\search.ts": {"path":"D:\\Updated-Test-Zare\\src\\lib\\search.ts","statementMap":{"0":{"start":{"line":87,"column":0},"end":{"line":87,"column":16}},"1":{"start":{"line":123,"column":0},"end":{"line":123,"column":16}},"2":{"start":{"line":203,"column":0},"end":{"line":203,"column":16}},"3":{"start":{"line":218,"column":0},"end":{"line":218,"column":16}},"4":{"start":{"line":230,"column":0},"end":{"line":230,"column":16}},"5":{"start":{"line":247,"column":0},"end":{"line":247,"column":16}},"6":{"start":{"line":47,"column":2},"end":{"line":47,"column":24}},"7":{"start":{"line":47,"column":15},"end":{"line":47,"column":24}},"8":{"start":{"line":50,"column":2},"end":{"line":50,"column":38}},"9":{"start":{"line":50,"column":22},"end":{"line":50,"column":38}},"10":{"start":{"line":51,"column":2},"end":{"line":51,"column":38}},"11":{"start":{"line":51,"column":22},"end":{"line":51,"column":38}},"12":{"start":{"line":54,"column":20},"end":{"line":56,"column":21}},"13":{"start":{"line":56,"column":19},"end":{"line":56,"column":20}},"14":{"start":{"line":57,"column":19},"end":{"line":57,"column":42}},"15":{"start":{"line":59,"column":2},"end":{"line":73,"column":3}},"16":{"start":{"line":59,"column":15},"end":{"line":59,"column":16}},"17":{"start":{"line":60,"column":4},"end":{"line":60,"column":22}},"18":{"start":{"line":62,"column":4},"end":{"line":69,"column":5}},"19":{"start":{"line":62,"column":17},"end":{"line":62,"column":18}},"20":{"start":{"line":63,"column":19},"end":{"line":63,"column":48}},"21":{"start":{"line":64,"column":6},"end":{"line":68,"column":8}},"22":{"start":{"line":72,"column":4},"end":{"line":72,"column":58}},"23":{"start":{"line":75,"column":2},"end":{"line":75,"column":31}},"24":{"start":{"line":88,"column":2},"end":{"line":88,"column":29}},"25":{"start":{"line":88,"column":19},"end":{"line":88,"column":29}},"26":{"start":{"line":89,"column":2},"end":{"line":89,"column":42}},"27":{"start":{"line":101,"column":2},"end":{"line":101,"column":39}},"28":{"start":{"line":101,"column":28},"end":{"line":101,"column":39}},"29":{"start":{"line":104,"column":2},"end":{"line":104,"column":46}},"30":{"start":{"line":104,"column":36},"end":{"line":104,"column":46}},"31":{"start":{"line":107,"column":2},"end":{"line":107,"column":44}},"32":{"start":{"line":107,"column":34},"end":{"line":107,"column":44}},"33":{"start":{"line":110,"column":2},"end":{"line":110,"column":61}},"34":{"start":{"line":110,"column":51},"end":{"line":110,"column":61}},"35":{"start":{"line":112,"column":2},"end":{"line":112,"column":11}},"36":{"start":{"line":129,"column":2},"end":{"line":129,"column":46}},"37":{"start":{"line":129,"column":36},"end":{"line":129,"column":46}},"38":{"start":{"line":131,"column":26},"end":{"line":131,"column":48}},"39":{"start":{"line":132,"column":2},"end":{"line":132,"column":46}},"40":{"start":{"line":132,"column":36},"end":{"line":132,"column":46}},"41":{"start":{"line":135,"column":21},"end":{"line":135,"column":27}},"42":{"start":{"line":136,"column":2},"end":{"line":141,"column":3}},"43":{"start":{"line":137,"column":4},"end":{"line":140,"column":6}},"44":{"start":{"line":139,"column":8},"end":{"line":139,"column":78}},"45":{"start":{"line":143,"column":37},"end":{"line":143,"column":39}},"46":{"start":{"line":146,"column":2},"end":{"line":178,"column":3}},"47":{"start":{"line":147,"column":23},"end":{"line":147,"column":24}},"48":{"start":{"line":152,"column":4},"end":{"line":167,"column":5}},"49":{"start":{"line":153,"column":25},"end":{"line":153,"column":53}},"50":{"start":{"line":154,"column":6},"end":{"line":154,"column":32}},"51":{"start":{"line":154,"column":23},"end":{"line":154,"column":32}},"52":{"start":{"line":156,"column":20},"end":{"line":156,"column":62}},"53":{"start":{"line":159,"column":6},"end":{"line":163,"column":7}},"54":{"start":{"line":160,"column":8},"end":{"line":160,"column":29}},"55":{"start":{"line":161,"column":8},"end":{"line":161,"column":26}},"56":{"start":{"line":162,"column":8},"end":{"line":162,"column":31}},"57":{"start":{"line":166,"column":6},"end":{"line":166,"column":38}},"58":{"start":{"line":166,"column":32},"end":{"line":166,"column":38}},"59":{"start":{"line":170,"column":4},"end":{"line":177,"column":5}},"60":{"start":{"line":171,"column":6},"end":{"line":176,"column":9}},"61":{"start":{"line":181,"column":2},"end":{"line":192,"column":5}},"62":{"start":{"line":182,"column":4},"end":{"line":182,"column":54}},"63":{"start":{"line":182,"column":29},"end":{"line":182,"column":54}},"64":{"start":{"line":185,"column":4},"end":{"line":189,"column":5}},"65":{"start":{"line":186,"column":26},"end":{"line":186,"column":62}},"66":{"start":{"line":187,"column":26},"end":{"line":187,"column":62}},"67":{"start":{"line":188,"column":6},"end":{"line":188,"column":39}},"68":{"start":{"line":191,"column":4},"end":{"line":191,"column":13}},"69":{"start":{"line":208,"column":2},"end":{"line":208,"column":72}},"70":{"start":{"line":208,"column":59},"end":{"line":208,"column":70}},"71":{"start":{"line":219,"column":24},"end":{"line":219,"column":69}},"72":{"start":{"line":220,"column":2},"end":{"line":220,"column":53}},"73":{"start":{"line":234,"column":24},"end":{"line":234,"column":59}},"74":{"start":{"line":235,"column":2},"end":{"line":235,"column":49}},"75":{"start":{"line":253,"column":22},"end":{"line":253,"column":27}},"76":{"start":{"line":256,"column":2},"end":{"line":262,"column":5}},"77":{"start":{"line":257,"column":4},"end":{"line":261,"column":5}},"78":{"start":{"line":258,"column":6},"end":{"line":260,"column":8}},"79":{"start":{"line":259,"column":18},"end":{"line":259,"column":71}},"80":{"start":{"line":265,"column":2},"end":{"line":267,"column":3}},"81":{"start":{"line":266,"column":4},"end":{"line":266,"column":59}},"82":{"start":{"line":269,"column":2},"end":{"line":269,"column":23}}},"fnMap":{"0":{"name":"levenshteinDistance","decl":{"start":{"line":45,"column":9},"end":{"line":45,"column":28}},"loc":{"start":{"line":45,"column":49},"end":{"line":76,"column":1}}},"1":{"name":"(anonymous_1)","decl":{"start":{"line":56,"column":9},"end":{"line":56,"column":10}},"loc":{"start":{"line":56,"column":19},"end":{"line":56,"column":20}}},"2":{"name":"normalizeString","decl":{"start":{"line":87,"column":16},"end":{"line":87,"column":31}},"loc":{"start":{"line":87,"column":40},"end":{"line":90,"column":1}}},"3":{"name":"getMatchScore","decl":{"start":{"line":99,"column":9},"end":{"line":99,"column":22}},"loc":{"start":{"line":99,"column":56},"end":{"line":113,"column":1}}},"4":{"name":"fuzzySearch","decl":{"start":{"line":123,"column":16},"end":{"line":123,"column":27}},"loc":{"start":{"line":126,"column":19},"end":{"line":193,"column":1}}},"5":{"name":"(anonymous_5)","decl":{"start":{"line":138,"column":6},"end":{"line":138,"column":7}},"loc":{"start":{"line":139,"column":8},"end":{"line":139,"column":78}}},"6":{"name":"(anonymous_6)","decl":{"start":{"line":181,"column":22},"end":{"line":181,"column":23}},"loc":{"start":{"line":181,"column":31},"end":{"line":192,"column":3}}},"7":{"name":"searchItems","decl":{"start":{"line":203,"column":16},"end":{"line":203,"column":27}},"loc":{"start":{"line":206,"column":19},"end":{"line":209,"column":1}}},"8":{"name":"(anonymous_8)","decl":{"start":{"line":208,"column":47},"end":{"line":208,"column":48}},"loc":{"start":{"line":208,"column":59},"end":{"line":208,"column":70}}},"9":{"name":"searchProjects","decl":{"start":{"line":218,"column":16},"end":{"line":218,"column":30}},"loc":{"start":{"line":218,"column":65},"end":{"line":221,"column":1}}},"10":{"name":"searchTeamMembers","decl":{"start":{"line":230,"column":16},"end":{"line":230,"column":33}},"loc":{"start":{"line":232,"column":15},"end":{"line":236,"column":1}}},"11":{"name":"applyFuzzySearchWithFilters","decl":{"start":{"line":247,"column":16},"end":{"line":247,"column":43}},"loc":{"start":{"line":251,"column":25},"end":{"line":270,"column":1}}},"12":{"name":"(anonymous_12)","decl":{"start":{"line":256,"column":34},"end":{"line":256,"column":35}},"loc":{"start":{"line":256,"column":51},"end":{"line":262,"column":3}}},"13":{"name":"(anonymous_13)","decl":{"start":{"line":259,"column":8},"end":{"line":259,"column":9}},"loc":{"start":{"line":259,"column":18},"end":{"line":259,"column":71}}}},"branchMap":{"0":{"loc":{"start":{"line":47,"column":2},"end":{"line":47,"column":24}},"type":"if","locations":[{"start":{"line":47,"column":2},"end":{"line":47,"column":24}},{"start":{},"end":{}}]},"1":{"loc":{"start":{"line":50,"column":2},"end":{"line":50,"column":38}},"type":"if","locations":[{"start":{"line":50,"column":2},"end":{"line":50,"column":38}},{"start":{},"end":{}}]},"2":{"loc":{"start":{"line":51,"column":2},"end":{"line":51,"column":38}},"type":"if","locations":[{"start":{"line":51,"column":2},"end":{"line":51,"column":38}},{"start":{},"end":{}}]},"3":{"loc":{"start":{"line":63,"column":19},"end":{"line":63,"column":48}},"type":"cond-expr","locations":[{"start":{"line":63,"column":43},"end":{"line":63,"column":44}},{"start":{"line":63,"column":47},"end":{"line":63,"column":48}}]},"4":{"loc":{"start":{"line":88,"column":2},"end":{"line":88,"column":29}},"type":"if","locations":[{"start":{"line":88,"column":2},"end":{"line":88,"column":29}},{"start":{},"end":{}}]},"5":{"loc":{"start":{"line":101,"column":2},"end":{"line":101,"column":39}},"type":"if","locations":[{"start":{"line":101,"column":2},"end":{"line":101,"column":39}},{"start":{},"end":{}}]},"6":{"loc":{"start":{"line":104,"column":2},"end":{"line":104,"column":46}},"type":"if","locations":[{"start":{"line":104,"column":2},"end":{"line":104,"column":46}},{"start":{},"end":{}}]},"7":{"loc":{"start":{"line":107,"column":2},"end":{"line":107,"column":44}},"type":"if","locations":[{"start":{"line":107,"column":2},"end":{"line":107,"column":44}},{"start":{},"end":{}}]},"8":{"loc":{"start":{"line":110,"column":2},"end":{"line":110,"column":61}},"type":"if","locations":[{"start":{"line":110,"column":2},"end":{"line":110,"column":61}},{"start":{},"end":{}}]},"9":{"loc":{"start":{"line":129,"column":2},"end":{"line":129,"column":46}},"type":"if","locations":[{"start":{"line":129,"column":2},"end":{"line":129,"column":46}},{"start":{},"end":{}}]},"10":{"loc":{"start":{"line":129,"column":6},"end":{"line":129,"column":34}},"type":"binary-expr","locations":[{"start":{"line":129,"column":6},"end":{"line":129,"column":12}},{"start":{"line":129,"column":16},"end":{"line":129,"column":34}}]},"11":{"loc":{"start":{"line":132,"column":2},"end":{"line":132,"column":46}},"type":"if","locations":[{"start":{"line":132,"column":2},"end":{"line":132,"column":46}},{"start":{},"end":{}}]},"12":{"loc":{"start":{"line":136,"column":2},"end":{"line":141,"column":3}},"type":"if","locations":[{"start":{"line":136,"column":2},"end":{"line":141,"column":3}},{"start":{},"end":{}}]},"13":{"loc":{"start":{"line":136,"column":6},"end":{"line":136,"column":48}},"type":"binary-expr","locations":[{"start":{"line":136,"column":6},"end":{"line":136,"column":19}},{"start":{"line":136,"column":23},"end":{"line":136,"column":48}}]},"14":{"loc":{"start":{"line":139,"column":8},"end":{"line":139,"column":78}},"type":"binary-expr","locations":[{"start":{"line":139,"column":8},"end":{"line":139,"column":41}},{"start":{"line":139,"column":45},"end":{"line":139,"column":78}}]},"15":{"loc":{"start":{"line":154,"column":6},"end":{"line":154,"column":32}},"type":"if","locations":[{"start":{"line":154,"column":6},"end":{"line":154,"column":32}},{"start":{},"end":{}}]},"16":{"loc":{"start":{"line":159,"column":6},"end":{"line":163,"column":7}},"type":"if","locations":[{"start":{"line":159,"column":6},"end":{"line":163,"column":7}},{"start":{},"end":{}}]},"17":{"loc":{"start":{"line":166,"column":6},"end":{"line":166,"column":38}},"type":"if","locations":[{"start":{"line":166,"column":6},"end":{"line":166,"column":38}},{"start":{},"end":{}}]},"18":{"loc":{"start":{"line":170,"column":4},"end":{"line":177,"column":5}},"type":"if","locations":[{"start":{"line":170,"column":4},"end":{"line":177,"column":5}},{"start":{},"end":{}}]},"19":{"loc":{"start":{"line":182,"column":4},"end":{"line":182,"column":54}},"type":"if","locations":[{"start":{"line":182,"column":4},"end":{"line":182,"column":54}},{"start":{},"end":{}}]},"20":{"loc":{"start":{"line":185,"column":4},"end":{"line":189,"column":5}},"type":"if","locations":[{"start":{"line":185,"column":4},"end":{"line":189,"column":5}},{"start":{},"end":{}}]},"21":{"loc":{"start":{"line":186,"column":41},"end":{"line":186,"column":61}},"type":"binary-expr","locations":[{"start":{"line":186,"column":41},"end":{"line":186,"column":55}},{"start":{"line":186,"column":59},"end":{"line":186,"column":61}}]},"22":{"loc":{"start":{"line":187,"column":41},"end":{"line":187,"column":61}},"type":"binary-expr","locations":[{"start":{"line":187,"column":41},"end":{"line":187,"column":55}},{"start":{"line":187,"column":59},"end":{"line":187,"column":61}}]},"23":{"loc":{"start":{"line":250,"column":2},"end":{"line":250,"column":35}},"type":"default-arg","locations":[{"start":{"line":250,"column":33},"end":{"line":250,"column":35}}]},"24":{"loc":{"start":{"line":257,"column":4},"end":{"line":261,"column":5}},"type":"if","locations":[{"start":{"line":257,"column":4},"end":{"line":261,"column":5}},{"start":{},"end":{}}]},"25":{"loc":{"start":{"line":257,"column":8},"end":{"line":257,"column":32}},"type":"binary-expr","locations":[{"start":{"line":257,"column":8},"end":{"line":257,"column":13}},{"start":{"line":257,"column":17},"end":{"line":257,"column":32}}]},"26":{"loc":{"start":{"line":265,"column":2},"end":{"line":267,"column":3}},"type":"if","locations":[{"start":{"line":265,"column":2},"end":{"line":267,"column":3}},{"start":{},"end":{}}]},"27":{"loc":{"start":{"line":265,"column":6},"end":{"line":265,"column":38}},"type":"binary-expr","locations":[{"start":{"line":265,"column":6},"end":{"line":265,"column":11}},{"start":{"line":265,"column":15},"end":{"line":265,"column":38}}]}},"s":{"0":1,"1":1,"2":1,"3":1,"4":1,"5":1,"6":16,"7":0,"8":16,"9":0,"10":16,"11":0,"12":16,"13":177,"14":16,"15":16,"16":16,"17":112,"18":112,"19":112,"20":1256,"21":1256,"22":112,"23":16,"24":54,"25":2,"26":52,"27":31,"28":6,"29":25,"30":4,"31":21,"32":5,"33":16,"34":3,"35":13,"36":14,"37":1,"38":13,"39":13,"40":2,"41":11,"42":11,"43":1,"44":2,"45":11,"46":11,"47":26,"48":26,"49":31,"50":31,"51":0,"52":31,"53":31,"54":18,"55":18,"56":18,"57":31,"58":6,"59":26,"60":18,"61":11,"62":8,"63":8,"64":0,"65":0,"66":0,"67":0,"68":0,"69":3,"70":3,"71":1,"72":1,"73":1,"74":1,"75":1,"76":1,"77":1,"78":1,"79":3,"80":1,"81":1,"82":0},"f":{"0":16,"1":177,"2":54,"3":31,"4":14,"5":2,"6":8,"7":3,"8":3,"9":1,"10":1,"11":1,"12":1,"13":3},"b":{"0":[0,16],"1":[0,16],"2":[0,16],"3":[91,1165],"4":[2,52],"5":[6,25],"6":[4,21],"7":[5,16],"8":[3,13],"9":[1,13],"10":[14,14],"11":[2,11],"12":[1,10],"13":[11,10],"14":[2,1],"15":[0,31],"16":[18,13],"17":[6,25],"18":[18,8],"19":[8,0],"20":[0,0],"21":[0,0],"22":[0,0],"23":[0],"24":[1,0],"25":[1,1],"26":[1,0],"27":[1,1]}}
,"D:\\Updated-Test-Zare\\src\\lib\\teamHelpers.ts": {"path":"D:\\Updated-Test-Zare\\src\\lib\\teamHelpers.ts","statementMap":{"0":{"start":{"line":11,"column":34},"end":{"line":23,"column":1}},"1":{"start":{"line":12,"column":2},"end":{"line":14,"column":3}},"2":{"start":{"line":13,"column":4},"end":{"line":13,"column":88}},"3":{"start":{"line":16,"column":17},"end":{"line":16,"column":72}},"4":{"start":{"line":16,"column":43},"end":{"line":16,"column":64}},"5":{"start":{"line":17,"column":19},"end":{"line":17,"column":76}},"6":{"start":{"line":17,"column":45},"end":{"line":17,"column":68}},"7":{"start":{"line":18,"column":24},"end":{"line":18,"column":82}},"8":{"start":{"line":18,"column":55},"end":{"line":18,"column":78}},"9":{"start":{"line":19,"column":22},"end":{"line":19,"column":66}},"10":{"start":{"line":19,"column":53},"end":{"line":19,"column":59}},"11":{"start":{"line":20,"column":22},"end":{"line":20,"column":56}},"12":{"start":{"line":22,"column":2},"end":{"line":22,"column":71}},"13":{"start":{"line":11,"column":13},"end":{"line":11,"column":34}},"14":{"start":{"line":25,"column":34},"end":{"line":43,"column":1}},"15":{"start":{"line":26,"column":2},"end":{"line":26,"column":28}},"16":{"start":{"line":26,"column":16},"end":{"line":26,"column":28}},"17":{"start":{"line":27,"column":17},"end":{"line":27,"column":26}},"18":{"start":{"line":29,"column":2},"end":{"line":37,"column":3}},"19":{"start":{"line":30,"column":24},"end":{"line":30,"column":52}},"20":{"start":{"line":31,"column":4},"end":{"line":36,"column":6}},"21":{"start":{"line":33,"column":8},"end":{"line":35,"column":56}},"22":{"start":{"line":39,"column":2},"end":{"line":40,"column":101}},"23":{"start":{"line":39,"column":35},"end":{"line":39,"column":92}},"24":{"start":{"line":39,"column":69},"end":{"line":39,"column":90}},"25":{"start":{"line":40,"column":7},"end":{"line":40,"column":101}},"26":{"start":{"line":40,"column":42},"end":{"line":40,"column":101}},"27":{"start":{"line":40,"column":76},"end":{"line":40,"column":99}},"28":{"start":{"line":42,"column":2},"end":{"line":42,"column":18}},"29":{"start":{"line":25,"column":13},"end":{"line":25,"column":34}},"30":{"start":{"line":45,"column":45},"end":{"line":57,"column":1}},"31":{"start":{"line":46,"column":2},"end":{"line":46,"column":30}},"32":{"start":{"line":46,"column":20},"end":{"line":46,"column":30}},"33":{"start":{"line":47,"column":16},"end":{"line":47,"column":33}},"34":{"start":{"line":48,"column":2},"end":{"line":55,"column":5}},"35":{"start":{"line":49,"column":4},"end":{"line":49,"column":41}},"36":{"start":{"line":50,"column":4},"end":{"line":50,"column":41}},"37":{"start":{"line":51,"column":22},"end":{"line":51,"column":48}},"38":{"start":{"line":52,"column":4},"end":{"line":52,"column":39}},"39":{"start":{"line":53,"column":22},"end":{"line":53,"column":58}},"40":{"start":{"line":54,"column":4},"end":{"line":54,"column":66}},"41":{"start":{"line":54,"column":31},"end":{"line":54,"column":62}},"42":{"start":{"line":54,"column":49},"end":{"line":54,"column":62}},"43":{"start":{"line":56,"column":2},"end":{"line":56,"column":27}},"44":{"start":{"line":45,"column":13},"end":{"line":45,"column":45}}},"fnMap":{"0":{"name":"(anonymous_0)","decl":{"start":{"line":11,"column":34},"end":{"line":11,"column":35}},"loc":{"start":{"line":11,"column":76},"end":{"line":23,"column":1}}},"1":{"name":"(anonymous_1)","decl":{"start":{"line":16,"column":36},"end":{"line":16,"column":37}},"loc":{"start":{"line":16,"column":43},"end":{"line":16,"column":64}}},"2":{"name":"(anonymous_2)","decl":{"start":{"line":17,"column":38},"end":{"line":17,"column":39}},"loc":{"start":{"line":17,"column":45},"end":{"line":17,"column":68}}},"3":{"name":"(anonymous_3)","decl":{"start":{"line":18,"column":43},"end":{"line":18,"column":44}},"loc":{"start":{"line":18,"column":55},"end":{"line":18,"column":78}}},"4":{"name":"(anonymous_4)","decl":{"start":{"line":19,"column":46},"end":{"line":19,"column":47}},"loc":{"start":{"line":19,"column":53},"end":{"line":19,"column":59}}},"5":{"name":"(anonymous_5)","decl":{"start":{"line":25,"column":34},"end":{"line":25,"column":35}},"loc":{"start":{"line":25,"column":94},"end":{"line":43,"column":1}}},"6":{"name":"(anonymous_6)","decl":{"start":{"line":32,"column":6},"end":{"line":32,"column":7}},"loc":{"start":{"line":33,"column":8},"end":{"line":35,"column":56}}},"7":{"name":"(anonymous_7)","decl":{"start":{"line":39,"column":62},"end":{"line":39,"column":63}},"loc":{"start":{"line":39,"column":69},"end":{"line":39,"column":90}}},"8":{"name":"(anonymous_8)","decl":{"start":{"line":40,"column":69},"end":{"line":40,"column":70}},"loc":{"start":{"line":40,"column":76},"end":{"line":40,"column":99}}},"9":{"name":"(anonymous_9)","decl":{"start":{"line":45,"column":45},"end":{"line":45,"column":46}},"loc":{"start":{"line":45,"column":86},"end":{"line":57,"column":1}}},"10":{"name":"(anonymous_10)","decl":{"start":{"line":48,"column":22},"end":{"line":48,"column":23}},"loc":{"start":{"line":48,"column":33},"end":{"line":55,"column":3}}},"11":{"name":"(anonymous_11)","decl":{"start":{"line":54,"column":22},"end":{"line":54,"column":23}},"loc":{"start":{"line":54,"column":28},"end":{"line":54,"column":64}}}},"branchMap":{"0":{"loc":{"start":{"line":12,"column":2},"end":{"line":14,"column":3}},"type":"if","locations":[{"start":{"line":12,"column":2},"end":{"line":14,"column":3}},{"start":{},"end":{}}]},"1":{"loc":{"start":{"line":12,"column":6},"end":{"line":12,"column":46}},"type":"binary-expr","locations":[{"start":{"line":12,"column":6},"end":{"line":12,"column":18}},{"start":{"line":12,"column":22},"end":{"line":12,"column":46}}]},"2":{"loc":{"start":{"line":18,"column":62},"end":{"line":18,"column":77}},"type":"binary-expr","locations":[{"start":{"line":18,"column":62},"end":{"line":18,"column":72}},{"start":{"line":18,"column":76},"end":{"line":18,"column":77}}]},"3":{"loc":{"start":{"line":26,"column":2},"end":{"line":26,"column":28}},"type":"if","locations":[{"start":{"line":26,"column":2},"end":{"line":26,"column":28}},{"start":{},"end":{}}]},"4":{"loc":{"start":{"line":29,"column":2},"end":{"line":37,"column":3}},"type":"if","locations":[{"start":{"line":29,"column":2},"end":{"line":37,"column":3}},{"start":{},"end":{}}]},"5":{"loc":{"start":{"line":33,"column":8},"end":{"line":35,"column":56}},"type":"binary-expr","locations":[{"start":{"line":33,"column":8},"end":{"line":33,"column":55}},{"start":{"line":34,"column":8},"end":{"line":34,"column":55}},{"start":{"line":35,"column":8},"end":{"line":35,"column":56}}]},"6":{"loc":{"start":{"line":39,"column":2},"end":{"line":40,"column":101}},"type":"if","locations":[{"start":{"line":39,"column":2},"end":{"line":40,"column":101}},{"start":{"line":40,"column":7},"end":{"line":40,"column":101}}]},"7":{"loc":{"start":{"line":40,"column":7},"end":{"line":40,"column":101}},"type":"if","locations":[{"start":{"line":40,"column":7},"end":{"line":40,"column":101}},{"start":{},"end":{}}]},"8":{"loc":{"start":{"line":46,"column":2},"end":{"line":46,"column":30}},"type":"if","locations":[{"start":{"line":46,"column":2},"end":{"line":46,"column":30}},{"start":{},"end":{}}]},"9":{"loc":{"start":{"line":54,"column":31},"end":{"line":54,"column":62}},"type":"if","locations":[{"start":{"line":54,"column":31},"end":{"line":54,"column":62}},{"start":{},"end":{}}]}},"s":{"0":1,"1":1,"2":0,"3":1,"4":3,"5":1,"6":3,"7":1,"8":3,"9":1,"10":3,"11":1,"12":1,"13":1,"14":1,"15":3,"16":0,"17":3,"18":3,"19":2,"20":2,"21":6,"22":3,"23":1,"24":3,"25":2,"26":1,"27":2,"28":3,"29":1,"30":1,"31":1,"32":0,"33":1,"34":1,"35":3,"36":3,"37":3,"38":3,"39":3,"40":3,"41":6,"42":3,"43":1,"44":1},"f":{"0":1,"1":3,"2":3,"3":3,"4":3,"5":3,"6":6,"7":3,"8":2,"9":1,"10":3,"11":6},"b":{"0":[0,1],"1":[1,1],"2":[3,0],"3":[0,3],"4":[2,1],"5":[6,5,3],"6":[1,2],"7":[1,1],"8":[0,1],"9":[3,3]}}
,"D:\\Updated-Test-Zare\\src\\lib\\workload.ts": {"path":"D:\\Updated-Test-Zare\\src\\lib\\workload.ts","statementMap":{"0":{"start":{"line":31,"column":45},"end":{"line":71,"column":1}},"1":{"start":{"line":32,"column":50},"end":{"line":36,"column":4}},"2":{"start":{"line":38,"column":22},"end":{"line":38,"column":76}},"3":{"start":{"line":39,"column":2},"end":{"line":39,"column":87}},"4":{"start":{"line":39,"column":32},"end":{"line":39,"column":85}},"5":{"start":{"line":41,"column":2},"end":{"line":50,"column":5}},"6":{"start":{"line":42,"column":19},"end":{"line":42,"column":57}},"7":{"start":{"line":43,"column":4},"end":{"line":49,"column":5}},"8":{"start":{"line":44,"column":22},"end":{"line":44,"column":51}},"9":{"start":{"line":45,"column":6},"end":{"line":48,"column":7}},"10":{"start":{"line":46,"column":8},"end":{"line":46,"column":35}},"11":{"start":{"line":47,"column":8},"end":{"line":47,"column":27}},"12":{"start":{"line":52,"column":36},"end":{"line":52,"column":38}},"13":{"start":{"line":53,"column":2},"end":{"line":68,"column":5}},"14":{"start":{"line":54,"column":19},"end":{"line":54,"column":59}},"15":{"start":{"line":54,"column":41},"end":{"line":54,"column":58}},"16":{"start":{"line":55,"column":4},"end":{"line":67,"column":5}},"17":{"start":{"line":56,"column":43},"end":{"line":56,"column":53}},"18":{"start":{"line":57,"column":6},"end":{"line":58,"column":51}},"19":{"start":{"line":57,"column":30},"end":{"line":57,"column":52}},"20":{"start":{"line":58,"column":11},"end":{"line":58,"column":51}},"21":{"start":{"line":58,"column":35},"end":{"line":58,"column":51}},"22":{"start":{"line":60,"column":6},"end":{"line":66,"column":9}},"23":{"start":{"line":70,"column":2},"end":{"line":70,"column":19}},"24":{"start":{"line":31,"column":13},"end":{"line":31,"column":45}},"25":{"start":{"line":74,"column":42},"end":{"line":79,"column":1}},"26":{"start":{"line":75,"column":2},"end":{"line":75,"column":39}},"27":{"start":{"line":75,"column":30},"end":{"line":75,"column":39}},"28":{"start":{"line":76,"column":15},"end":{"line":76,"column":78}},"29":{"start":{"line":76,"column":46},"end":{"line":76,"column":55}},"30":{"start":{"line":77,"column":19},"end":{"line":77,"column":102}},"31":{"start":{"line":77,"column":50},"end":{"line":77,"column":79}},"32":{"start":{"line":78,"column":2},"end":{"line":78,"column":29}},"33":{"start":{"line":74,"column":13},"end":{"line":74,"column":42}},"34":{"start":{"line":82,"column":47},"end":{"line":110,"column":1}},"35":{"start":{"line":87,"column":48},"end":{"line":87,"column":50}},"36":{"start":{"line":88,"column":21},"end":{"line":88,"column":69}},"37":{"start":{"line":88,"column":43},"end":{"line":88,"column":68}},"38":{"start":{"line":89,"column":19},"end":{"line":89,"column":83}},"39":{"start":{"line":89,"column":41},"end":{"line":89,"column":82}},"40":{"start":{"line":91,"column":2},"end":{"line":107,"column":5}},"41":{"start":{"line":92,"column":27},"end":{"line":92,"column":91}},"42":{"start":{"line":92,"column":54},"end":{"line":92,"column":90}},"43":{"start":{"line":93,"column":4},"end":{"line":106,"column":7}},"44":{"start":{"line":94,"column":31},"end":{"line":94,"column":98}},"45":{"start":{"line":94,"column":62},"end":{"line":94,"column":97}},"46":{"start":{"line":95,"column":6},"end":{"line":105,"column":7}},"47":{"start":{"line":96,"column":55},"end":{"line":96,"column":91}},"48":{"start":{"line":97,"column":23},"end":{"line":97,"column":69}},"49":{"start":{"line":98,"column":8},"end":{"line":104,"column":11}},"50":{"start":{"line":109,"column":2},"end":{"line":109,"column":33}},"51":{"start":{"line":82,"column":13},"end":{"line":82,"column":47}},"52":{"start":{"line":113,"column":37},"end":{"line":147,"column":1}},"53":{"start":{"line":114,"column":38},"end":{"line":114,"column":40}},"54":{"start":{"line":115,"column":24},"end":{"line":115,"column":56}},"55":{"start":{"line":115,"column":45},"end":{"line":115,"column":55}},"56":{"start":{"line":116,"column":25},"end":{"line":116,"column":123}},"57":{"start":{"line":116,"column":59},"end":{"line":116,"column":122}},"58":{"start":{"line":118,"column":18},"end":{"line":118,"column":46}},"59":{"start":{"line":119,"column":2},"end":{"line":125,"column":5}},"60":{"start":{"line":120,"column":21},"end":{"line":120,"column":47}},"61":{"start":{"line":121,"column":22},"end":{"line":121,"column":44}},"62":{"start":{"line":122,"column":20},"end":{"line":122,"column":57}},"63":{"start":{"line":123,"column":4},"end":{"line":123,"column":56}},"64":{"start":{"line":123,"column":31},"end":{"line":123,"column":56}},"65":{"start":{"line":124,"column":4},"end":{"line":124,"column":40}},"66":{"start":{"line":127,"column":2},"end":{"line":144,"column":5}},"67":{"start":{"line":128,"column":22},"end":{"line":128,"column":39}},"68":{"start":{"line":129,"column":20},"end":{"line":129,"column":39}},"69":{"start":{"line":130,"column":4},"end":{"line":130,"column":43}},"70":{"start":{"line":131,"column":25},"end":{"line":131,"column":44}},"71":{"start":{"line":132,"column":31},"end":{"line":132,"column":50}},"72":{"start":{"line":134,"column":20},"end":{"line":134,"column":21}},"73":{"start":{"line":135,"column":4},"end":{"line":135,"column":34}},"74":{"start":{"line":136,"column":4},"end":{"line":136,"column":48}},"75":{"start":{"line":137,"column":4},"end":{"line":137,"column":76}},"76":{"start":{"line":137,"column":42},"end":{"line":137,"column":63}},"77":{"start":{"line":139,"column":47},"end":{"line":139,"column":52}},"78":{"start":{"line":140,"column":4},"end":{"line":141,"column":49}},"79":{"start":{"line":140,"column":24},"end":{"line":140,"column":43}},"80":{"start":{"line":141,"column":9},"end":{"line":141,"column":49}},"81":{"start":{"line":141,"column":28},"end":{"line":141,"column":49}},"82":{"start":{"line":143,"column":4},"end":{"line":143,"column":122}},"83":{"start":{"line":146,"column":2},"end":{"line":146,"column":80}},"84":{"start":{"line":146,"column":33},"end":{"line":146,"column":78}},"85":{"start":{"line":113,"column":13},"end":{"line":113,"column":37}},"86":{"start":{"line":150,"column":28},"end":{"line":157,"column":1}},"87":{"start":{"line":151,"column":12},"end":{"line":151,"column":26}},"88":{"start":{"line":152,"column":14},"end":{"line":152,"column":24}},"89":{"start":{"line":153,"column":15},"end":{"line":153,"column":55}},"90":{"start":{"line":154,"column":2},"end":{"line":154,"column":18}},"91":{"start":{"line":155,"column":2},"end":{"line":155,"column":25}},"92":{"start":{"line":156,"column":2},"end":{"line":156,"column":11}},"93":{"start":{"line":150,"column":13},"end":{"line":150,"column":28}},"94":{"start":{"line":160,"column":26},"end":{"line":162,"column":1}},"95":{"start":{"line":161,"column":2},"end":{"line":161,"column":78}},"96":{"start":{"line":160,"column":13},"end":{"line":160,"column":26}}},"fnMap":{"0":{"name":"(anonymous_0)","decl":{"start":{"line":31,"column":45},"end":{"line":31,"column":46}},"loc":{"start":{"line":31,"column":112},"end":{"line":71,"column":1}}},"1":{"name":"(anonymous_1)","decl":{"start":{"line":39,"column":22},"end":{"line":39,"column":28}},"loc":{"start":{"line":39,"column":32},"end":{"line":39,"column":85}}},"2":{"name":"(anonymous_2)","decl":{"start":{"line":41,"column":19},"end":{"line":41,"column":26}},"loc":{"start":{"line":41,"column":29},"end":{"line":50,"column":3}}},"3":{"name":"(anonymous_3)","decl":{"start":{"line":53,"column":22},"end":{"line":53,"column":23}},"loc":{"start":{"line":53,"column":42},"end":{"line":68,"column":3}}},"4":{"name":"(anonymous_4)","decl":{"start":{"line":54,"column":36},"end":{"line":54,"column":37}},"loc":{"start":{"line":54,"column":41},"end":{"line":54,"column":58}}},"5":{"name":"(anonymous_5)","decl":{"start":{"line":74,"column":42},"end":{"line":74,"column":43}},"loc":{"start":{"line":74,"column":74},"end":{"line":79,"column":1}}},"6":{"name":"(anonymous_6)","decl":{"start":{"line":76,"column":32},"end":{"line":76,"column":33}},"loc":{"start":{"line":76,"column":46},"end":{"line":76,"column":55}}},"7":{"name":"(anonymous_7)","decl":{"start":{"line":77,"column":36},"end":{"line":77,"column":37}},"loc":{"start":{"line":77,"column":50},"end":{"line":77,"column":79}}},"8":{"name":"(anonymous_8)","decl":{"start":{"line":82,"column":47},"end":{"line":82,"column":null}},"loc":{"start":{"line":86,"column":30},"end":{"line":110,"column":1}}},"9":{"name":"(anonymous_9)","decl":{"start":{"line":88,"column":38},"end":{"line":88,"column":39}},"loc":{"start":{"line":88,"column":43},"end":{"line":88,"column":68}}},"10":{"name":"(anonymous_10)","decl":{"start":{"line":89,"column":36},"end":{"line":89,"column":37}},"loc":{"start":{"line":89,"column":41},"end":{"line":89,"column":82}}},"11":{"name":"(anonymous_11)","decl":{"start":{"line":91,"column":21},"end":{"line":91,"column":31}},"loc":{"start":{"line":91,"column":34},"end":{"line":107,"column":3}}},"12":{"name":"(anonymous_12)","decl":{"start":{"line":92,"column":43},"end":{"line":92,"column":50}},"loc":{"start":{"line":92,"column":54},"end":{"line":92,"column":90}}},"13":{"name":"(anonymous_13)","decl":{"start":{"line":93,"column":21},"end":{"line":93,"column":30}},"loc":{"start":{"line":93,"column":33},"end":{"line":106,"column":5}}},"14":{"name":"(anonymous_14)","decl":{"start":{"line":94,"column":51},"end":{"line":94,"column":58}},"loc":{"start":{"line":94,"column":62},"end":{"line":94,"column":97}}},"15":{"name":"(anonymous_15)","decl":{"start":{"line":113,"column":37},"end":{"line":113,"column":38}},"loc":{"start":{"line":113,"column":80},"end":{"line":147,"column":1}}},"16":{"name":"(anonymous_16)","decl":{"start":{"line":115,"column":40},"end":{"line":115,"column":41}},"loc":{"start":{"line":115,"column":45},"end":{"line":115,"column":55}}},"17":{"name":"(anonymous_17)","decl":{"start":{"line":116,"column":49},"end":{"line":116,"column":50}},"loc":{"start":{"line":116,"column":59},"end":{"line":116,"column":122}}},"18":{"name":"(anonymous_18)","decl":{"start":{"line":119,"column":25},"end":{"line":119,"column":32}},"loc":{"start":{"line":119,"column":35},"end":{"line":125,"column":3}}},"19":{"name":"(anonymous_19)","decl":{"start":{"line":127,"column":18},"end":{"line":127,"column":19}},"loc":{"start":{"line":127,"column":44},"end":{"line":144,"column":3}}},"20":{"name":"(anonymous_20)","decl":{"start":{"line":137,"column":37},"end":{"line":137,"column":38}},"loc":{"start":{"line":137,"column":42},"end":{"line":137,"column":63}}},"21":{"name":"(anonymous_21)","decl":{"start":{"line":146,"column":23},"end":{"line":146,"column":24}},"loc":{"start":{"line":146,"column":33},"end":{"line":146,"column":78}}},"22":{"name":"(anonymous_22)","decl":{"start":{"line":150,"column":28},"end":{"line":150,"column":29}},"loc":{"start":{"line":150,"column":49},"end":{"line":157,"column":1}}},"23":{"name":"(anonymous_23)","decl":{"start":{"line":160,"column":26},"end":{"line":160,"column":27}},"loc":{"start":{"line":160,"column":49},"end":{"line":162,"column":1}}}},"branchMap":{"0":{"loc":{"start":{"line":42,"column":19},"end":{"line":42,"column":57}},"type":"binary-expr","locations":[{"start":{"line":42,"column":19},"end":{"line":42,"column":52}},{"start":{"line":42,"column":56},"end":{"line":42,"column":57}}]},"1":{"loc":{"start":{"line":43,"column":4},"end":{"line":49,"column":5}},"type":"if","locations":[{"start":{"line":43,"column":4},"end":{"line":49,"column":5}},{"start":{},"end":{}}]},"2":{"loc":{"start":{"line":45,"column":6},"end":{"line":48,"column":7}},"type":"if","locations":[{"start":{"line":45,"column":6},"end":{"line":48,"column":7}},{"start":{},"end":{}}]},"3":{"loc":{"start":{"line":55,"column":4},"end":{"line":67,"column":5}},"type":"if","locations":[{"start":{"line":55,"column":4},"end":{"line":67,"column":5}},{"start":{},"end":{}}]},"4":{"loc":{"start":{"line":57,"column":6},"end":{"line":58,"column":51}},"type":"if","locations":[{"start":{"line":57,"column":6},"end":{"line":58,"column":51}},{"start":{"line":58,"column":11},"end":{"line":58,"column":51}}]},"5":{"loc":{"start":{"line":58,"column":11},"end":{"line":58,"column":51}},"type":"if","locations":[{"start":{"line":58,"column":11},"end":{"line":58,"column":51}},{"start":{},"end":{}}]},"6":{"loc":{"start":{"line":75,"column":2},"end":{"line":75,"column":39}},"type":"if","locations":[{"start":{"line":75,"column":2},"end":{"line":75,"column":39}},{"start":{},"end":{}}]},"7":{"loc":{"start":{"line":89,"column":41},"end":{"line":89,"column":82}},"type":"binary-expr","locations":[{"start":{"line":89,"column":41},"end":{"line":89,"column":64}},{"start":{"line":89,"column":68},"end":{"line":89,"column":82}}]},"8":{"loc":{"start":{"line":95,"column":6},"end":{"line":105,"column":7}},"type":"if","locations":[{"start":{"line":95,"column":6},"end":{"line":105,"column":7}},{"start":{},"end":{}}]},"9":{"loc":{"start":{"line":97,"column":23},"end":{"line":97,"column":69}},"type":"binary-expr","locations":[{"start":{"line":97,"column":23},"end":{"line":97,"column":64}},{"start":{"line":97,"column":68},"end":{"line":97,"column":69}}]},"10":{"loc":{"start":{"line":123,"column":4},"end":{"line":123,"column":56}},"type":"if","locations":[{"start":{"line":123,"column":4},"end":{"line":123,"column":56}},{"start":{},"end":{}}]},"11":{"loc":{"start":{"line":136,"column":17},"end":{"line":136,"column":47}},"type":"cond-expr","locations":[{"start":{"line":136,"column":42},"end":{"line":136,"column":43}},{"start":{"line":136,"column":46},"end":{"line":136,"column":47}}]},"12":{"loc":{"start":{"line":140,"column":4},"end":{"line":141,"column":49}},"type":"if","locations":[{"start":{"line":140,"column":4},"end":{"line":141,"column":49}},{"start":{"line":141,"column":9},"end":{"line":141,"column":49}}]},"13":{"loc":{"start":{"line":141,"column":9},"end":{"line":141,"column":49}},"type":"if","locations":[{"start":{"line":141,"column":9},"end":{"line":141,"column":49}},{"start":{},"end":{}}]},"14":{"loc":{"start":{"line":153,"column":36},"end":{"line":153,"column":54}},"type":"cond-expr","locations":[{"start":{"line":153,"column":48},"end":{"line":153,"column":50}},{"start":{"line":153,"column":53},"end":{"line":153,"column":54}}]}},"s":{"0":1,"1":2,"2":2,"3":2,"4":6,"5":2,"6":6,"7":6,"8":6,"9":6,"10":6,"11":6,"12":2,"13":2,"14":6,"15":12,"16":6,"17":6,"18":6,"19":0,"20":6,"21":0,"22":6,"23":2,"24":1,"25":1,"26":1,"27":0,"28":1,"29":3,"30":1,"31":3,"32":1,"33":1,"34":1,"35":1,"36":1,"37":3,"38":1,"39":3,"40":1,"41":0,"42":0,"43":0,"44":0,"45":0,"46":0,"47":0,"48":0,"49":0,"50":1,"51":1,"52":1,"53":1,"54":1,"55":3,"56":1,"57":2,"58":1,"59":1,"60":3,"61":3,"62":3,"63":3,"64":2,"65":3,"66":1,"67":2,"68":2,"69":2,"70":2,"71":2,"72":2,"73":2,"74":2,"75":2,"76":3,"77":2,"78":2,"79":0,"80":2,"81":1,"82":2,"83":1,"84":1,"85":1,"86":1,"87":3,"88":3,"89":3,"90":3,"91":3,"92":3,"93":1,"94":1,"95":0,"96":1},"f":{"0":2,"1":6,"2":6,"3":6,"4":12,"5":1,"6":3,"7":3,"8":1,"9":3,"10":3,"11":0,"12":0,"13":0,"14":0,"15":1,"16":3,"17":2,"18":3,"19":2,"20":3,"21":1,"22":3,"23":0},"b":{"0":[6,0],"1":[6,0],"2":[6,0],"3":[6,0],"4":[0,6],"5":[0,6],"6":[0,1],"7":[3,3],"8":[0,0],"9":[0,0],"10":[2,1],"11":[0,2],"12":[0,2],"13":[1,1],"14":[1,2]}}
}
