TN:
SF:src\lib\dataStructures.ts
FN:14,(anonymous_7)
FN:33,(anonymous_8)
FN:41,(anonymous_9)
FN:59,(anonymous_10)
FN:77,(anonymous_11)
FN:98,(anonymous_12)
FN:119,(anonymous_13)
FN:123,(anonymous_14)
FN:163,(anonymous_15)
FN:189,(anonymous_16)
FN:212,(anonymous_17)
FN:232,(anonymous_18)
FN:259,(anonymous_19)
FN:276,(anonymous_20)
FN:283,(anonymous_21)
FN:293,(anonymous_22)
FN:305,(anonymous_23)
FN:320,(anonymous_24)
FN:331,(anonymous_25)
FN:342,(anonymous_26)
FN:350,(anonymous_27)
FN:367,(anonymous_28)
FN:380,(anonymous_29)
FN:432,(anonymous_31)
FN:528,(anonymous_32)
FN:548,(anonymous_33)
FN:555,(anonymous_34)
FN:562,(anonymous_35)
FN:574,(anonymous_36)
FN:582,(anonymous_37)
FN:583,(anonymous_38)
FN:592,(anonymous_39)
FN:601,(anonymous_40)
FN:609,(anonymous_41)
FN:617,(anonymous_42)
FN:625,testDataStructures
FNF:36
FNH:34
FNDA:42,(anonymous_7)
FNDA:3,(anonymous_8)
FNDA:10,(anonymous_9)
FNDA:7,(anonymous_10)
FNDA:2,(anonymous_11)
FNDA:20,(anonymous_12)
FNDA:2,(anonymous_13)
FNDA:10,(anonymous_14)
FNDA:16,(anonymous_15)
FNDA:4,(anonymous_16)
FNDA:7,(anonymous_17)
FNDA:8,(anonymous_18)
FNDA:1,(anonymous_19)
FNDA:4,(anonymous_20)
FNDA:2,(anonymous_21)
FNDA:3,(anonymous_22)
FNDA:1,(anonymous_23)
FNDA:11,(anonymous_24)
FNDA:5,(anonymous_25)
FNDA:3,(anonymous_26)
FNDA:1,(anonymous_27)
FNDA:2,(anonymous_28)
FNDA:3,(anonymous_29)
FNDA:1,(anonymous_31)
FNDA:2,(anonymous_32)
FNDA:1,(anonymous_33)
FNDA:0,(anonymous_34)
FNDA:3,(anonymous_35)
FNDA:2,(anonymous_36)
FNDA:1,(anonymous_37)
FNDA:6,(anonymous_38)
FNDA:1,(anonymous_39)
FNDA:1,(anonymous_40)
FNDA:1,(anonymous_41)
FNDA:2,(anonymous_42)
FNDA:0,testDataStructures
DA:15,42
DA:16,42
DA:30,1
DA:34,3
DA:42,10
DA:44,10
DA:45,56
DA:46,39
DA:48,56
DA:51,10
DA:60,7
DA:62,7
DA:63,26
DA:64,1
DA:66,25
DA:69,6
DA:79,2
DA:81,2
DA:82,6
DA:83,0
DA:85,6
DA:89,2
DA:99,20
DA:102,20
DA:103,6
DA:107,20
DA:108,18
DA:109,18
DA:112,20
DA:120,2
DA:124,10
DA:125,2
DA:126,0
DA:128,2
DA:131,2
DA:134,8
DA:135,8
DA:137,8
DA:138,0
DA:141,8
DA:143,8
DA:144,5
DA:147,5
DA:150,3
DA:164,16
DA:165,16
DA:166,16
DA:167,16
DA:182,1
DA:190,4
DA:191,0
DA:194,4
DA:195,4
DA:196,4
DA:199,4
DA:200,4
DA:201,4
DA:202,4
DA:213,7
DA:215,7
DA:216,4
DA:220,3
DA:222,3
DA:233,8
DA:235,8
DA:237,0
DA:238,0
DA:239,0
DA:243,8
DA:244,8
DA:245,8
DA:246,8
DA:249,8
DA:250,1
DA:260,1
DA:262,1
DA:263,0
DA:266,1
DA:267,1
DA:268,1
DA:270,1
DA:277,4
DA:284,2
DA:285,2
DA:286,2
DA:287,2
DA:294,3
DA:306,1
DA:307,1
DA:309,1
DA:310,3
DA:311,3
DA:314,1
DA:321,11
DA:322,11
DA:324,11
DA:325,11
DA:332,5
DA:333,5
DA:335,5
DA:336,5
DA:343,3
DA:344,3
DA:351,1
DA:352,1
DA:353,1
DA:354,1
DA:361,1
DA:368,2
DA:369,2
DA:370,2
DA:371,2
DA:381,3
DA:382,3
DA:384,3
DA:385,1
DA:386,1
DA:387,1
DA:390,2
DA:391,2
DA:393,2
DA:394,2
DA:403,1
DA:404,1
DA:405,0
DA:408,1
DA:409,0
DA:412,1
DA:413,1
DA:414,1
DA:416,1
DA:417,1
DA:420,1
DA:421,1
DA:422,1
DA:425,0
DA:434,1
DA:435,1
DA:522,0
DA:529,2
DA:530,2
DA:531,2
DA:532,2
DA:533,2
DA:535,2
DA:549,1
DA:550,1
DA:551,1
DA:552,1
DA:556,0
DA:563,3
DA:564,3
DA:571,1
DA:575,2
DA:583,6
DA:593,1
DA:594,1
DA:602,1
DA:610,1
DA:618,2
DA:625,1
DA:626,0
DA:627,0
DA:630,0
DA:631,0
DA:632,0
DA:633,0
DA:634,0
DA:636,0
DA:637,0
DA:638,0
DA:640,0
DA:643,0
DA:647,0
DA:648,0
DA:649,0
DA:651,0
DA:652,0
DA:654,0
DA:655,0
DA:656,0
DA:657,0
DA:659,0
DA:661,0
DA:662,0
DA:663,0
DA:664,0
DA:665,0
DA:667,0
DA:668,0
DA:670,0
DA:671,0
DA:672,0
DA:682,0
DA:683,0
DA:684,0
DA:686,0
DA:687,0
DA:690,0
LF:199
LH:148
BRDA:45,0,0,39
BRDA:45,0,1,17
BRDA:63,1,0,1
BRDA:63,1,1,25
BRDA:82,2,0,0
BRDA:82,2,1,6
BRDA:102,3,0,6
BRDA:102,3,1,14
BRDA:124,4,0,2
BRDA:124,4,1,8
BRDA:125,5,0,0
BRDA:125,5,1,2
BRDA:137,6,0,0
BRDA:137,6,1,8
BRDA:143,7,0,5
BRDA:143,7,1,3
BRDA:147,8,0,5
BRDA:147,8,1,5
BRDA:190,9,0,0
BRDA:190,9,1,4
BRDA:215,10,0,4
BRDA:215,10,1,3
BRDA:235,11,0,0
BRDA:235,11,1,8
BRDA:249,12,0,1
BRDA:249,12,1,7
BRDA:262,13,0,0
BRDA:262,13,1,1
BRDA:309,14,0,4
BRDA:309,14,1,4
BRDA:367,15,0,0
BRDA:384,16,0,1
BRDA:384,16,1,2
BRDA:398,17,0,2
BRDA:398,17,1,0
BRDA:398,18,0,2
BRDA:398,18,1,2
BRDA:404,19,0,0
BRDA:404,19,1,1
BRDA:404,20,0,1
BRDA:404,20,1,1
BRDA:408,21,0,0
BRDA:408,21,1,1
BRDA:420,22,0,1
BRDA:420,22,1,0
BRDA:434,23,0,1
BRDA:434,23,1,0
BRDA:434,24,0,1
BRDA:434,24,1,0
BRDA:533,25,0,1
BRDA:533,25,1,1
BRDA:563,26,0,0
BRDA:563,26,1,3
BRDA:592,27,0,0
BRF:54
BRH:39
end_of_record
TN:
SF:src\lib\projectsHelpers.ts
FN:13,(anonymous_0)
FN:39,(anonymous_1)
FN:40,(anonymous_2)
FN:55,(anonymous_3)
FN:56,(anonymous_4)
FN:60,(anonymous_5)
FN:61,(anonymous_6)
FNF:7
FNH:7
FNDA:3,(anonymous_0)
FNDA:2,(anonymous_1)
FNDA:2,(anonymous_2)
FNDA:1,(anonymous_3)
FNDA:1,(anonymous_4)
FNDA:1,(anonymous_5)
FNDA:1,(anonymous_6)
DA:13,1
DA:14,3
DA:16,3
DA:18,3
DA:19,3
DA:21,0
DA:22,0
DA:24,0
DA:25,0
DA:28,3
DA:29,3
DA:30,3
DA:33,3
DA:39,1
DA:40,2
DA:41,2
DA:43,2
DA:44,2
DA:46,2
DA:55,1
DA:56,1
DA:57,1
DA:60,1
DA:61,1
DA:62,1
LF:25
LH:21
BRDA:16,0,0,3
BRDA:16,0,1,0
BRDA:16,0,2,0
BRDA:28,1,0,3
BRDA:28,1,1,0
BRDA:43,2,0,2
BRDA:43,2,1,0
BRDA:44,3,0,2
BRDA:44,3,1,0
BRDA:57,4,0,1
BRDA:57,4,1,0
BRDA:57,5,0,0
BRDA:57,5,1,1
BRDA:57,6,0,1
BRDA:57,6,1,1
BRDA:62,7,0,1
BRDA:62,7,1,0
BRDA:62,8,0,0
BRDA:62,8,1,1
BRDA:62,9,0,1
BRDA:62,9,1,1
BRF:21
BRH:12
end_of_record
TN:
SF:src\lib\search.ts
FN:45,levenshteinDistance
FN:56,(anonymous_1)
FN:87,normalizeString
FN:99,getMatchScore
FN:123,fuzzySearch
FN:138,(anonymous_5)
FN:181,(anonymous_6)
FN:203,searchItems
FN:208,(anonymous_8)
FN:218,searchProjects
FN:230,searchTeamMembers
FN:247,applyFuzzySearchWithFilters
FN:256,(anonymous_12)
FN:259,(anonymous_13)
FNF:14
FNH:14
FNDA:16,levenshteinDistance
FNDA:177,(anonymous_1)
FNDA:54,normalizeString
FNDA:31,getMatchScore
FNDA:14,fuzzySearch
FNDA:2,(anonymous_5)
FNDA:8,(anonymous_6)
FNDA:3,searchItems
FNDA:3,(anonymous_8)
FNDA:1,searchProjects
FNDA:1,searchTeamMembers
FNDA:1,applyFuzzySearchWithFilters
FNDA:1,(anonymous_12)
FNDA:3,(anonymous_13)
DA:47,16
DA:50,16
DA:51,16
DA:54,16
DA:56,177
DA:57,16
DA:59,16
DA:60,112
DA:62,112
DA:63,1256
DA:64,1256
DA:72,112
DA:75,16
DA:87,1
DA:88,54
DA:89,52
DA:101,31
DA:104,25
DA:107,21
DA:110,16
DA:112,13
DA:123,1
DA:129,14
DA:131,13
DA:132,13
DA:135,11
DA:136,11
DA:137,1
DA:139,2
DA:143,11
DA:146,11
DA:147,26
DA:152,26
DA:153,31
DA:154,31
DA:156,31
DA:159,31
DA:160,18
DA:161,18
DA:162,18
DA:166,31
DA:170,26
DA:171,18
DA:181,11
DA:182,8
DA:185,0
DA:186,0
DA:187,0
DA:188,0
DA:191,0
DA:203,1
DA:208,3
DA:218,1
DA:219,1
DA:220,1
DA:230,1
DA:234,1
DA:235,1
DA:247,1
DA:253,1
DA:256,1
DA:257,1
DA:258,1
DA:259,3
DA:265,1
DA:266,1
DA:269,0
LF:67
LH:61
BRDA:47,0,0,0
BRDA:47,0,1,16
BRDA:50,1,0,0
BRDA:50,1,1,16
BRDA:51,2,0,0
BRDA:51,2,1,16
BRDA:63,3,0,91
BRDA:63,3,1,1165
BRDA:88,4,0,2
BRDA:88,4,1,52
BRDA:101,5,0,6
BRDA:101,5,1,25
BRDA:104,6,0,4
BRDA:104,6,1,21
BRDA:107,7,0,5
BRDA:107,7,1,16
BRDA:110,8,0,3
BRDA:110,8,1,13
BRDA:129,9,0,1
BRDA:129,9,1,13
BRDA:129,10,0,14
BRDA:129,10,1,14
BRDA:132,11,0,2
BRDA:132,11,1,11
BRDA:136,12,0,1
BRDA:136,12,1,10
BRDA:136,13,0,11
BRDA:136,13,1,10
BRDA:139,14,0,2
BRDA:139,14,1,1
BRDA:154,15,0,0
BRDA:154,15,1,31
BRDA:159,16,0,18
BRDA:159,16,1,13
BRDA:166,17,0,6
BRDA:166,17,1,25
BRDA:170,18,0,18
BRDA:170,18,1,8
BRDA:182,19,0,8
BRDA:182,19,1,0
BRDA:185,20,0,0
BRDA:185,20,1,0
BRDA:186,21,0,0
BRDA:186,21,1,0
BRDA:187,22,0,0
BRDA:187,22,1,0
BRDA:250,23,0,0
BRDA:257,24,0,1
BRDA:257,24,1,0
BRDA:257,25,0,1
BRDA:257,25,1,1
BRDA:265,26,0,1
BRDA:265,26,1,0
BRDA:265,27,0,1
BRDA:265,27,1,1
BRF:55
BRH:41
end_of_record
TN:
SF:src\lib\teamHelpers.ts
FN:11,(anonymous_0)
FN:16,(anonymous_1)
FN:17,(anonymous_2)
FN:18,(anonymous_3)
FN:19,(anonymous_4)
FN:25,(anonymous_5)
FN:32,(anonymous_6)
FN:39,(anonymous_7)
FN:40,(anonymous_8)
FN:45,(anonymous_9)
FN:48,(anonymous_10)
FN:54,(anonymous_11)
FNF:12
FNH:12
FNDA:1,(anonymous_0)
FNDA:3,(anonymous_1)
FNDA:3,(anonymous_2)
FNDA:3,(anonymous_3)
FNDA:3,(anonymous_4)
FNDA:3,(anonymous_5)
FNDA:6,(anonymous_6)
FNDA:3,(anonymous_7)
FNDA:2,(anonymous_8)
FNDA:1,(anonymous_9)
FNDA:3,(anonymous_10)
FNDA:6,(anonymous_11)
DA:11,1
DA:12,1
DA:13,0
DA:16,3
DA:17,3
DA:18,3
DA:19,3
DA:20,1
DA:22,1
DA:25,1
DA:26,3
DA:27,3
DA:29,3
DA:30,2
DA:31,2
DA:33,6
DA:39,3
DA:40,2
DA:42,3
DA:45,1
DA:46,1
DA:47,1
DA:48,1
DA:49,3
DA:50,3
DA:51,3
DA:52,3
DA:53,3
DA:54,6
DA:56,1
LF:30
LH:29
BRDA:12,0,0,0
BRDA:12,0,1,1
BRDA:12,1,0,1
BRDA:12,1,1,1
BRDA:18,2,0,3
BRDA:18,2,1,0
BRDA:26,3,0,0
BRDA:26,3,1,3
BRDA:29,4,0,2
BRDA:29,4,1,1
BRDA:33,5,0,6
BRDA:33,5,1,5
BRDA:33,5,2,3
BRDA:39,6,0,1
BRDA:39,6,1,2
BRDA:40,7,0,1
BRDA:40,7,1,1
BRDA:46,8,0,0
BRDA:46,8,1,1
BRDA:54,9,0,3
BRDA:54,9,1,3
BRF:21
BRH:17
end_of_record
TN:
SF:src\lib\workload.ts
FN:31,(anonymous_0)
FN:39,(anonymous_1)
FN:41,(anonymous_2)
FN:53,(anonymous_3)
FN:54,(anonymous_4)
FN:74,(anonymous_5)
FN:76,(anonymous_6)
FN:77,(anonymous_7)
FN:82,(anonymous_8)
FN:88,(anonymous_9)
FN:89,(anonymous_10)
FN:91,(anonymous_11)
FN:92,(anonymous_12)
FN:93,(anonymous_13)
FN:94,(anonymous_14)
FN:113,(anonymous_15)
FN:115,(anonymous_16)
FN:116,(anonymous_17)
FN:119,(anonymous_18)
FN:127,(anonymous_19)
FN:137,(anonymous_20)
FN:146,(anonymous_21)
FN:150,(anonymous_22)
FN:160,(anonymous_23)
FNF:24
FNH:19
FNDA:2,(anonymous_0)
FNDA:6,(anonymous_1)
FNDA:6,(anonymous_2)
FNDA:6,(anonymous_3)
FNDA:12,(anonymous_4)
FNDA:1,(anonymous_5)
FNDA:3,(anonymous_6)
FNDA:3,(anonymous_7)
FNDA:1,(anonymous_8)
FNDA:3,(anonymous_9)
FNDA:3,(anonymous_10)
FNDA:0,(anonymous_11)
FNDA:0,(anonymous_12)
FNDA:0,(anonymous_13)
FNDA:0,(anonymous_14)
FNDA:1,(anonymous_15)
FNDA:3,(anonymous_16)
FNDA:2,(anonymous_17)
FNDA:3,(anonymous_18)
FNDA:2,(anonymous_19)
FNDA:3,(anonymous_20)
FNDA:1,(anonymous_21)
FNDA:3,(anonymous_22)
FNDA:0,(anonymous_23)
DA:31,1
DA:32,2
DA:38,2
DA:39,6
DA:41,2
DA:42,6
DA:43,6
DA:44,6
DA:45,6
DA:46,6
DA:47,6
DA:52,2
DA:53,2
DA:54,12
DA:55,6
DA:56,6
DA:57,6
DA:58,6
DA:60,6
DA:70,2
DA:74,1
DA:75,1
DA:76,3
DA:77,3
DA:78,1
DA:82,1
DA:87,1
DA:88,3
DA:89,3
DA:91,1
DA:92,0
DA:93,0
DA:94,0
DA:95,0
DA:96,0
DA:97,0
DA:98,0
DA:109,1
DA:113,1
DA:114,1
DA:115,3
DA:116,2
DA:118,1
DA:119,1
DA:120,3
DA:121,3
DA:122,3
DA:123,3
DA:124,3
DA:127,1
DA:128,2
DA:129,2
DA:130,2
DA:131,2
DA:132,2
DA:134,2
DA:135,2
DA:136,2
DA:137,3
DA:139,2
DA:140,2
DA:141,2
DA:143,2
DA:146,1
DA:150,1
DA:151,3
DA:152,3
DA:153,3
DA:154,3
DA:155,3
DA:156,3
DA:160,1
DA:161,0
LF:73
LH:65
BRDA:42,0,0,6
BRDA:42,0,1,0
BRDA:43,1,0,6
BRDA:43,1,1,0
BRDA:45,2,0,6
BRDA:45,2,1,0
BRDA:55,3,0,6
BRDA:55,3,1,0
BRDA:57,4,0,0
BRDA:57,4,1,6
BRDA:58,5,0,0
BRDA:58,5,1,6
BRDA:75,6,0,0
BRDA:75,6,1,1
BRDA:89,7,0,3
BRDA:89,7,1,3
BRDA:95,8,0,0
BRDA:95,8,1,0
BRDA:97,9,0,0
BRDA:97,9,1,0
BRDA:123,10,0,2
BRDA:123,10,1,1
BRDA:136,11,0,0
BRDA:136,11,1,2
BRDA:140,12,0,0
BRDA:140,12,1,2
BRDA:141,13,0,1
BRDA:141,13,1,1
BRDA:153,14,0,1
BRDA:153,14,1,2
BRF:30
BRH:17
end_of_record
